#
# A fatal error has been detected by the Java Runtime Environment:
#
#  EXCEPTION_ACCESS_VIOLATION (0xc0000005) at pc=0x00007ff9714a0380, pid=1056, tid=764
#
# JRE version: OpenJDK Runtime Environment (11.0.12+7) (build 11.0.12+7-b1504.28-7817840)
# Java VM: OpenJDK 64-Bit Server VM (11.0.12+7-b1504.28-7817840, mixed mode, tiered, compressed oops, g1 gc, windows-amd64)
# Problematic frame:
# V  [jvm.dll+0x360380]
#
# No core dump will be written. Minidumps are not enabled by default on client versions of Windows
#
# If you would like to submit a bug report, please visit:
#   https://bugreport.java.com/bugreport/crash.jsp
#

---------------  S U M M A R Y ------------

Command Line: --add-opens=java.base/java.util=ALL-UNNAMED --add-opens=java.base/java.lang=ALL-UNNAMED --add-opens=java.base/java.lang.invoke=ALL-UNNAMED --add-opens=java.base/java.util=ALL-UNNAMED --add-opens=java.prefs/java.util.prefs=ALL-UNNAMED --add-opens=java.prefs/java.util.prefs=ALL-UNNAMED --add-opens=java.base/java.nio.charset=ALL-UNNAMED --add-opens=java.base/java.net=ALL-UNNAMED --add-opens=java.base/java.util.concurrent.atomic=ALL-UNNAMED -Xmx2048m -Dfile.encoding=UTF-8 -Duser.country=MX -Duser.language=es -Duser.variant org.gradle.launcher.daemon.bootstrap.GradleDaemon 7.3.3

Host: Intel(R) Core(TM) i3-8145U CPU @ 2.10GHz, 4 cores, 7G,  Windows 10 , 64 bit Build 22000 (10.0.22000.708)
Time: Tue Sep  6 19:25:01 2022 Hora de verano central (México) elapsed time: 61.266148 seconds (0d 0h 1m 1s)

---------------  T H R E A D  ---------------

Current thread (0x0000019954fdb800):  JavaThread "C2 CompilerThread0" daemon [_thread_in_native, id=764, stack(0x000000780ef00000,0x000000780f000000)]


Current CompileTask:
C2:  61266 6297 %     4       org.objectweb.asm.ClassReader::readCode @ 2035 (5109 bytes)

Stack: [0x000000780ef00000,0x000000780f000000],  sp=0x000000780effbf60,  free space=1007k
Native frames: (J=compiled Java code, j=interpreted, Vv=VM code, C=native code)
V  [jvm.dll+0x360380]
V  [jvm.dll+0x359800]
V  [jvm.dll+0x19d0f9]
V  [jvm.dll+0x20070e]
V  [jvm.dll+0x1ff794]
V  [jvm.dll+0x18868c]
V  [jvm.dll+0x20e0d7]
V  [jvm.dll+0x20c901]
V  [jvm.dll+0x6f9b7f]
V  [jvm.dll+0x6f26a5]
V  [jvm.dll+0x5fabf6]
C  [ucrtbase.dll+0x26c0c]
C  [KERNEL32.DLL+0x154e0]
C  [ntdll.dll+0x485b]


siginfo: EXCEPTION_ACCESS_VIOLATION (0xc0000005), reading address 0x00006ff971b4c898


Register to memory mapping:

RIP=0x00007ff9714a0380 jvm.dll
RAX=0x00006ff971b4c898 is an unknown value
RBX=0x0000000000000110 is an unknown value
RCX=0x0000000000000004 is an unknown value
RDX=0x0 is NULL
RSP=0x000000780effbf60 is pointing into the stack for thread: 0x0000019954fdb800
RBP=0x0000000000000008 is an unknown value
RSI=0x00007ff971b4c898 jvm.dll
RDI=0x000001993ab73d60 points into unknown readable memory: 0x0000019954fb3be0 | e0 3b fb 54 99 01 00 00
R8 =0x000001995a384c20 points into unknown readable memory: 0x0000000000000000 | 00 00 00 00 00 00 00 00
R9 =0x000000780effbfb0 is pointing into the stack for thread: 0x0000019954fdb800
R10=0x0000000000000022 is an unknown value
R11=0x000000780effbec0 is pointing into the stack for thread: 0x0000019954fdb800
R12=0x00007ff971140000 jvm.dll
R13=0x0000000000000008 is an unknown value
R14=0x0000000000000017 is an unknown value
R15=0x00007ff971b4c898 jvm.dll


Registers:
RAX=0x00006ff971b4c898, RBX=0x0000000000000110, RCX=0x0000000000000004, RDX=0x0000000000000000
RSP=0x000000780effbf60, RBP=0x0000000000000008, RSI=0x00007ff971b4c898, RDI=0x000001993ab73d60
R8 =0x000001995a384c20, R9 =0x000000780effbfb0, R10=0x0000000000000022, R11=0x000000780effbec0
R12=0x00007ff971140000, R13=0x0000000000000008, R14=0x0000000000000017, R15=0x00007ff971b4c898
RIP=0x00007ff9714a0380, EFLAGS=0x0000000000010246

Top of Stack: (sp=0x000000780effbf60)
0x000000780effbf60:   0000000000000000 0000000000000000
0x000000780effbf70:   0000019954fb3be8 0000019954f66500
0x000000780effbf80:   00000000000017b7 00007ff971499800
0x000000780effbf90:   000001995d896210 000000780effc0d0
0x000000780effbfa0:   00000000000017b7 00007ff97197df20
0x000000780effbfb0:   000017b900000000 0000019900000006
0x000000780effbfc0:   00006ff971b4c898 0000000000000018
0x000000780effbfd0:   0000019958e5b910 0000019900000053
0x000000780effbfe0:   000001995d8962b0 000000780effc558
0x000000780effbff0:   000001995a521bc0 0000000000000000
0x000000780effc000:   000000780effc110 00007ff9712dd0f9
0x000000780effc010:   000000780effc470 000000780effc558
0x000000780effc020:   00000000000003d8 000001995a521bd0
0x000000780effc030:   0000000000010900 0000000000000000
0x000000780effc040:   0000007800000006 000001995a521bc0
0x000000780effc050:   000001995d51cf90 000001995d524260 

Instructions: (pc=0x00007ff9714a0380)
0x00007ff9714a0280:   58 4c 8b 64 24 50 48 8b c3 48 83 c4 20 41 5f 5f
0x00007ff9714a0290:   5e 5d 5b c3 cc cc cc cc cc cc cc cc cc cc cc cc
0x00007ff9714a02a0:   83 3a 00 4c 8b c2 c7 41 08 08 00 00 00 75 16 33
0x00007ff9714a02b0:   d2 c7 41 18 01 00 00 00 89 11 48 8b c1 c7 41 28
0x00007ff9714a02c0:   01 00 00 00 c3 33 d2 48 89 11 89 51 18 41 8b 80
0x00007ff9714a02d0:   90 00 00 00 89 41 28 48 89 51 10 49 8b 40 08 48
0x00007ff9714a02e0:   89 41 20 48 8b c1 4c 89 41 30 c3 cc cc cc cc cc
0x00007ff9714a02f0:   48 83 ec 28 8b 51 08 4c 8b c9 83 fa 08 73 18 4c
0x00007ff9714a0300:   8b 41 10 8b c2 41 83 3c 80 00 0f 85 0d 01 00 00
0x00007ff9714a0310:   ff c2 83 fa 08 72 ec 44 8b 51 18 48 89 5c 24 30
0x00007ff9714a0320:   48 89 6c 24 38 48 89 74 24 40 48 89 7c 24 20 44
0x00007ff9714a0330:   3b 51 28 0f 83 b9 00 00 00 8b 0d 3d 81 6e 00 48
0x00007ff9714a0340:   8d 35 52 c5 6a 00 65 48 8b 04 25 58 00 00 00 bd
0x00007ff9714a0350:   08 00 00 00 48 8d 3c c8 0f 1f 84 00 00 00 00 00
0x00007ff9714a0360:   41 8b c2 48 8d 1c c5 00 00 00 00 49 8b 41 20 48
0x00007ff9714a0370:   8b 04 03 48 3b c6 74 6d 49 89 41 10 33 d2 66 90
0x00007ff9714a0380:   83 38 00 0f 85 c3 00 00 00 ff c2 48 83 c0 04 83
0x00007ff9714a0390:   fa 08 72 ec 4d 8b 59 30 4d 85 db 74 48 49 8b 43
0x00007ff9714a03a0:   08 8b d5 48 03 17 4c 8b 04 03 48 8b 02 48 8b 88
0x00007ff9714a03b0:   d0 04 00 00 48 8b 81 88 00 00 00 48 8b 88 88 08
0x00007ff9714a03c0:   00 00 49 89 08 48 8b 02 48 8b 88 d0 04 00 00 48
0x00007ff9714a03d0:   8b 81 88 00 00 00 4c 89 80 88 08 00 00 49 8b 43
0x00007ff9714a03e0:   08 48 89 34 03 41 ff c2 45 3b 51 28 0f 82 6e ff
0x00007ff9714a03f0:   ff ff 41 8b 41 28 41 89 41 18 33 c0 41 c7 41 08
0x00007ff9714a0400:   08 00 00 00 48 8b 74 24 40 48 8b 6c 24 38 48 8b
0x00007ff9714a0410:   5c 24 30 48 8b 7c 24 20 48 83 c4 28 c3 8b 41 18
0x00007ff9714a0420:   8d 0c c2 8b c2 c1 e1 05 81 e9 00 01 00 00 41 89
0x00007ff9714a0430:   49 04 41 8b 0c 80 8d 42 01 41 89 09 49 8b c9 41
0x00007ff9714a0440:   89 41 08 48 83 c4 28 e9 c4 fd e3 ff 42 8d 04 d2
0x00007ff9714a0450:   c1 e0 05 41 89 41 04 49 8b 41 10 8b 0c 90 41 8d
0x00007ff9714a0460:   42 01 41 89 41 18 8d 42 01 41 89 09 49 8b c9 41
0x00007ff9714a0470:   89 41 08 e8 98 fd e3 ff eb 8a cc cc cc cc cc cc 


Stack slot to memory mapping:
stack at sp + 0 slots: 0x0 is NULL
stack at sp + 1 slots: 0x0 is NULL
stack at sp + 2 slots: 0x0000019954fb3be8 points into unknown readable memory: 0x0000019954fdb800 | 00 b8 fd 54 99 01 00 00
stack at sp + 3 slots: 0x0000019954f66500 points into unknown readable memory: 0x0000000000000000 | 00 00 00 00 00 00 00 00
stack at sp + 4 slots: 0x00000000000017b7 is an unknown value
stack at sp + 5 slots: 0x00007ff971499800 jvm.dll
stack at sp + 6 slots: 0x000001995d896210 points into unknown readable memory: 0x000000000000004f | 4f 00 00 00 00 00 00 00
stack at sp + 7 slots: 0x000000780effc0d0 is pointing into the stack for thread: 0x0000019954fdb800


---------------  P R O C E S S  ---------------

Threads class SMR info:
_java_thread_list=0x000001995eb34a00, length=37, elements={
0x000001993ab1e000, 0x0000019954743800, 0x000001995474d000, 0x0000019954fb2800,
0x0000019954fb5800, 0x0000019954fb7800, 0x0000019954fdb800, 0x0000019954fe0800,
0x0000019954fe3800, 0x0000019955143800, 0x000001995621f800, 0x000001995744a800,
0x0000019956689000, 0x0000019956a9e800, 0x0000019957425800, 0x0000019958d00800,
0x0000019957e0e800, 0x000001995777c000, 0x00000199574e9800, 0x00000199574ec000,
0x00000199574ea800, 0x00000199574eb800, 0x0000019959039800, 0x0000019959038800,
0x0000019959037000, 0x0000019959037800, 0x0000019959035800, 0x000001995903a000,
0x000001995903b000, 0x000001995903c000, 0x0000019959036000, 0x0000019959041800,
0x000001995903f000, 0x0000019959040800, 0x0000019959042800, 0x000001995903d800,
0x000001995c8f7000
}

Java Threads: ( => current thread )
  0x000001993ab1e000 JavaThread "main" [_thread_blocked, id=2744, stack(0x000000780e300000,0x000000780e400000)]
  0x0000019954743800 JavaThread "Reference Handler" daemon [_thread_blocked, id=8896, stack(0x000000780ea00000,0x000000780eb00000)]
  0x000001995474d000 JavaThread "Finalizer" daemon [_thread_blocked, id=1120, stack(0x000000780eb00000,0x000000780ec00000)]
  0x0000019954fb2800 JavaThread "Signal Dispatcher" daemon [_thread_blocked, id=3916, stack(0x000000780ec00000,0x000000780ed00000)]
  0x0000019954fb5800 JavaThread "Attach Listener" daemon [_thread_blocked, id=1788, stack(0x000000780ed00000,0x000000780ee00000)]
  0x0000019954fb7800 JavaThread "Service Thread" daemon [_thread_blocked, id=8840, stack(0x000000780ee00000,0x000000780ef00000)]
=>0x0000019954fdb800 JavaThread "C2 CompilerThread0" daemon [_thread_in_native, id=764, stack(0x000000780ef00000,0x000000780f000000)]
  0x0000019954fe0800 JavaThread "C1 CompilerThread0" daemon [_thread_blocked, id=4220, stack(0x000000780f000000,0x000000780f100000)]
  0x0000019954fe3800 JavaThread "Sweeper thread" daemon [_thread_blocked, id=3420, stack(0x000000780f100000,0x000000780f200000)]
  0x0000019955143800 JavaThread "Common-Cleaner" daemon [_thread_blocked, id=2528, stack(0x000000780f200000,0x000000780f300000)]
  0x000001995621f800 JavaThread "Daemon health stats" [_thread_blocked, id=3888, stack(0x000000780f700000,0x000000780f800000)]
  0x000001995744a800 JavaThread "Incoming local TCP Connector on port 49854" [_thread_in_native, id=1176, stack(0x000000780f800000,0x000000780f900000)]
  0x0000019956689000 JavaThread "Daemon periodic checks" [_thread_blocked, id=2192, stack(0x000000780f900000,0x000000780fa00000)]
  0x0000019956a9e800 JavaThread "Daemon" [_thread_blocked, id=2520, stack(0x000000780fa00000,0x000000780fb00000)]
  0x0000019957425800 JavaThread "Handler for socket connection from /127.0.0.1:49854 to /127.0.0.1:49855" [_thread_in_native, id=8276, stack(0x000000780fb00000,0x000000780fc00000)]
  0x0000019958d00800 JavaThread "Cancel handler" [_thread_blocked, id=8272, stack(0x000000780fc00000,0x000000780fd00000)]
  0x0000019957e0e800 JavaThread "Daemon worker" [_thread_in_vm, id=8152, stack(0x000000780fd00000,0x000000780fe00000)]
  0x000001995777c000 JavaThread "Asynchronous log dispatcher for DefaultDaemonConnection: socket connection from /127.0.0.1:49854 to /127.0.0.1:49855" [_thread_blocked, id=6044, stack(0x000000780fe00000,0x000000780ff00000)]
  0x00000199574e9800 JavaThread "Daemon client event forwarder" [_thread_blocked, id=3872, stack(0x0000007810000000,0x0000007810100000)]
  0x00000199574ec000 JavaThread "Cache worker for journal cache (C:\Users\Plays\.gradle\caches\journal-1)" [_thread_blocked, id=2580, stack(0x0000007810200000,0x0000007810300000)]
  0x00000199574ea800 JavaThread "File lock request listener" [_thread_in_native, id=7128, stack(0x0000007810300000,0x0000007810400000)]
  0x00000199574eb800 JavaThread "Cache worker for file hash cache (C:\Users\Plays\.gradle\caches\7.3.3\fileHashes)" [_thread_blocked, id=3196, stack(0x0000007810400000,0x0000007810500000)]
  0x0000019959039800 JavaThread "Cache worker for file hash cache (C:\Users\Plays\StudioProjects\1WNA-PROGR.MOVIL-I.N\MiRollerA\.gradle\7.3.3\fileHashes)" [_thread_blocked, id=2724, stack(0x0000007810500000,0x0000007810600000)]
  0x0000019959038800 JavaThread "File watcher server" daemon [_thread_in_native, id=1820, stack(0x0000007810600000,0x0000007810700000)]
  0x0000019959037000 JavaThread "File watcher consumer" daemon [_thread_blocked, id=1760, stack(0x0000007810700000,0x0000007810800000)]
  0x0000019959037800 JavaThread "jar transforms" [_thread_blocked, id=5024, stack(0x000000780f400000,0x000000780f500000)]
  0x0000019959035800 JavaThread "jar transforms Thread 2" [_thread_blocked, id=2884, stack(0x0000007810800000,0x0000007810900000)]
  0x000001995903a000 JavaThread "jar transforms Thread 3" [_thread_blocked, id=1148, stack(0x0000007810900000,0x0000007810a00000)]
  0x000001995903b000 JavaThread "jar transforms Thread 4" [_thread_blocked, id=7636, stack(0x0000007810a00000,0x0000007810b00000)]
  0x000001995903c000 JavaThread "Cache worker for checksums cache (C:\Users\Plays\StudioProjects\1WNA-PROGR.MOVIL-I.N\MiRollerA\.gradle\7.3.3\checksums)" [_thread_blocked, id=4528, stack(0x0000007810c00000,0x0000007810d00000)]
  0x0000019959036000 JavaThread "Cache worker for cache directory md-supplier (C:\Users\Plays\.gradle\caches\7.3.3\md-supplier)" [_thread_blocked, id=4544, stack(0x0000007810d00000,0x0000007810e00000)]
  0x0000019959041800 JavaThread "Cache worker for cache directory md-rule (C:\Users\Plays\.gradle\caches\7.3.3\md-rule)" [_thread_blocked, id=3184, stack(0x0000007810e00000,0x0000007810f00000)]
  0x000001995903f000 JavaThread "Cache worker for execution history cache (C:\Users\Plays\.gradle\caches\7.3.3\executionHistory)" [_thread_blocked, id=8652, stack(0x0000007810f00000,0x0000007811000000)]
  0x0000019959040800 JavaThread "Cache worker for file content cache (C:\Users\Plays\.gradle\caches\7.3.3\fileContent)" [_thread_blocked, id=6572, stack(0x0000007810b00000,0x0000007810c00000)]
  0x0000019959042800 JavaThread "Cache worker for dependencies-accessors (C:\Users\Plays\StudioProjects\1WNA-PROGR.MOVIL-I.N\MiRollerA\.gradle\7.3.3\dependencies-accessors)" [_thread_blocked, id=8436, stack(0x000000780e100000,0x000000780e200000)]
  0x000001995903d800 JavaThread "Cache worker for Build Output Cleanup Cache (C:\Users\Plays\StudioProjects\1WNA-PROGR.MOVIL-I.N\MiRollerA\.gradle\buildOutputCleanup)" [_thread_blocked, id=3680, stack(0x000000780e200000,0x000000780e300000)]
  0x000001995c8f7000 JavaThread "C2 CompilerThread1" daemon [_thread_blocked, id=10112, stack(0x000000780e000000,0x000000780e100000)]

Other Threads:
  0x0000019954f65000 VMThread "VM Thread" [stack: 0x000000780e900000,0x000000780ea00000] [id=8940]
  0x0000019955156800 WatcherThread [stack: 0x000000780f300000,0x000000780f400000] [id=1324]
  0x000001993ab37800 GCTaskThread "GC Thread#0" [stack: 0x000000780e400000,0x000000780e500000] [id=3736]
  0x0000019955b80000 GCTaskThread "GC Thread#1" [stack: 0x000000780f500000,0x000000780f600000] [id=436]
  0x0000019955b20800 GCTaskThread "GC Thread#2" [stack: 0x000000780f600000,0x000000780f700000] [id=1132]
  0x00000199569cf000 GCTaskThread "GC Thread#3" [stack: 0x0000007810100000,0x0000007810200000] [id=4104]
  0x000001993ab69000 ConcurrentGCThread "G1 Main Marker" [stack: 0x000000780e500000,0x000000780e600000] [id=3968]
  0x000001993ab6a000 ConcurrentGCThread "G1 Conc#0" [stack: 0x000000780e600000,0x000000780e700000] [id=9212]
  0x0000019954598800 ConcurrentGCThread "G1 Refine#0" [stack: 0x000000780e700000,0x000000780e800000] [id=1116]
  0x0000019954599800 ConcurrentGCThread "G1 Young RemSet Sampling" [stack: 0x000000780e800000,0x000000780e900000] [id=4336]

Threads with active compile tasks:
C2 CompilerThread0  71182 6297 %     4       org.objectweb.asm.ClassReader::readCode @ 2035 (5109 bytes)

VM state:not at safepoint (normal execution)

VM Mutex/Monitor currently owned by a thread: None

Heap address: 0x0000000080000000, size: 2048 MB, Compressed Oops mode: 32-bit
Narrow klass base: 0x0000000000000000, Narrow klass shift: 3
Compressed class space size: 1073741824 Address: 0x0000000100000000

Heap:
 garbage-first heap   total 189440K, used 102015K [0x0000000080000000, 0x0000000100000000)
  region size 1024K, 43 young (44032K), 8 survivors (8192K)
 Metaspace       used 63239K, capacity 65002K, committed 65152K, reserved 1105920K
  class space    used 8113K, capacity 8708K, committed 8832K, reserved 1048576K
Heap Regions: E=young(eden), S=young(survivor), O=old, HS=humongous(starts), HC=humongous(continues), CS=collection set, F=free, A=archive, TAMS=top-at-mark-start (previous, next)
|   0|0x0000000080000000, 0x0000000080100000, 0x0000000080100000|100%| O|  |TAMS 0x0000000080100000, 0x0000000080000000| Untracked 
|   1|0x0000000080100000, 0x0000000080200000, 0x0000000080200000|100%| O|  |TAMS 0x0000000080200000, 0x0000000080100000| Untracked 
|   2|0x0000000080200000, 0x0000000080300000, 0x0000000080300000|100%| O|  |TAMS 0x0000000080300000, 0x0000000080200000| Untracked 
|   3|0x0000000080300000, 0x0000000080400000, 0x0000000080400000|100%|HS|  |TAMS 0x0000000080400000, 0x0000000080300000| Complete 
|   4|0x0000000080400000, 0x0000000080500000, 0x0000000080500000|100%|HC|  |TAMS 0x0000000080500000, 0x0000000080400000| Complete 
|   5|0x0000000080500000, 0x0000000080600000, 0x0000000080600000|100%|HC|  |TAMS 0x0000000080600000, 0x0000000080500000| Complete 
|   6|0x0000000080600000, 0x0000000080700000, 0x0000000080700000|100%| O|  |TAMS 0x0000000080700000, 0x0000000080600000| Untracked 
|   7|0x0000000080700000, 0x0000000080800000, 0x0000000080800000|100%| O|  |TAMS 0x0000000080800000, 0x0000000080700000| Untracked 
|   8|0x0000000080800000, 0x0000000080900000, 0x0000000080900000|100%| O|  |TAMS 0x0000000080900000, 0x0000000080800000| Untracked 
|   9|0x0000000080900000, 0x0000000080a00000, 0x0000000080a00000|100%| O|  |TAMS 0x0000000080a00000, 0x0000000080900000| Untracked 
|  10|0x0000000080a00000, 0x0000000080b00000, 0x0000000080b00000|100%| O|  |TAMS 0x0000000080b00000, 0x0000000080a00000| Untracked 
|  11|0x0000000080b00000, 0x0000000080c00000, 0x0000000080c00000|100%| O|  |TAMS 0x0000000080c00000, 0x0000000080b00000| Untracked 
|  12|0x0000000080c00000, 0x0000000080d00000, 0x0000000080d00000|100%| O|  |TAMS 0x0000000080d00000, 0x0000000080c00000| Untracked 
|  13|0x0000000080d00000, 0x0000000080e00000, 0x0000000080e00000|100%| O|  |TAMS 0x0000000080e00000, 0x0000000080d00000| Untracked 
|  14|0x0000000080e00000, 0x0000000080f00000, 0x0000000080f00000|100%| O|  |TAMS 0x0000000080f00000, 0x0000000080e00000| Untracked 
|  15|0x0000000080f00000, 0x0000000081000000, 0x0000000081000000|100%| O|  |TAMS 0x0000000081000000, 0x0000000080f00000| Untracked 
|  16|0x0000000081000000, 0x0000000081100000, 0x0000000081100000|100%| O|  |TAMS 0x0000000081100000, 0x0000000081000000| Untracked 
|  17|0x0000000081100000, 0x0000000081200000, 0x0000000081200000|100%|HS|  |TAMS 0x0000000081200000, 0x0000000081100000| Complete 
|  18|0x0000000081200000, 0x0000000081300000, 0x0000000081300000|100%|HC|  |TAMS 0x0000000081300000, 0x0000000081200000| Complete 
|  19|0x0000000081300000, 0x0000000081400000, 0x0000000081400000|100%|HS|  |TAMS 0x0000000081400000, 0x0000000081300000| Complete 
|  20|0x0000000081400000, 0x0000000081500000, 0x0000000081500000|100%|HC|  |TAMS 0x0000000081500000, 0x0000000081400000| Complete 
|  21|0x0000000081500000, 0x0000000081600000, 0x0000000081600000|100%|HC|  |TAMS 0x0000000081600000, 0x0000000081500000| Complete 
|  22|0x0000000081600000, 0x0000000081700000, 0x0000000081700000|100%|HS|  |TAMS 0x0000000081700000, 0x0000000081600000| Complete 
|  23|0x0000000081700000, 0x0000000081800000, 0x0000000081800000|100%|HS|  |TAMS 0x0000000081800000, 0x0000000081700000| Complete 
|  24|0x0000000081800000, 0x0000000081900000, 0x0000000081900000|100%|HC|  |TAMS 0x0000000081900000, 0x0000000081800000| Complete 
|  25|0x0000000081900000, 0x0000000081a00000, 0x0000000081a00000|100%|HC|  |TAMS 0x0000000081a00000, 0x0000000081900000| Complete 
|  26|0x0000000081a00000, 0x0000000081b00000, 0x0000000081b00000|100%|HC|  |TAMS 0x0000000081b00000, 0x0000000081a00000| Complete 
|  27|0x0000000081b00000, 0x0000000081c00000, 0x0000000081c00000|100%| O|  |TAMS 0x0000000081c00000, 0x0000000081b00000| Untracked 
|  28|0x0000000081c00000, 0x0000000081d00000, 0x0000000081d00000|100%| O|  |TAMS 0x0000000081d00000, 0x0000000081c00000| Untracked 
|  29|0x0000000081d00000, 0x0000000081e00000, 0x0000000081e00000|100%| O|  |TAMS 0x0000000081e00000, 0x0000000081d00000| Untracked 
|  30|0x0000000081e00000, 0x0000000081f00000, 0x0000000081f00000|100%| O|  |TAMS 0x0000000081f00000, 0x0000000081e00000| Untracked 
|  31|0x0000000081f00000, 0x0000000082000000, 0x0000000082000000|100%| O|  |TAMS 0x0000000082000000, 0x0000000081f00000| Untracked 
|  32|0x0000000082000000, 0x0000000082100000, 0x0000000082100000|100%| O|  |TAMS 0x0000000082100000, 0x0000000082000000| Untracked 
|  33|0x0000000082100000, 0x0000000082200000, 0x0000000082200000|100%| O|  |TAMS 0x0000000082200000, 0x0000000082100000| Untracked 
|  34|0x0000000082200000, 0x0000000082200000, 0x0000000082300000|  0%| F|  |TAMS 0x0000000082200000, 0x0000000082200000| Untracked 
|  35|0x0000000082300000, 0x0000000082300000, 0x0000000082400000|  0%| F|  |TAMS 0x0000000082300000, 0x0000000082300000| Untracked 
|  36|0x0000000082400000, 0x0000000082400000, 0x0000000082500000|  0%| F|  |TAMS 0x0000000082400000, 0x0000000082400000| Untracked 
|  37|0x0000000082500000, 0x0000000082600000, 0x0000000082600000|100%| O|  |TAMS 0x0000000082600000, 0x0000000082500000| Untracked 
|  38|0x0000000082600000, 0x0000000082700000, 0x0000000082700000|100%| O|  |TAMS 0x0000000082700000, 0x0000000082600000| Untracked 
|  39|0x0000000082700000, 0x0000000082800000, 0x0000000082800000|100%| O|  |TAMS 0x0000000082800000, 0x0000000082700000| Untracked 
|  40|0x0000000082800000, 0x0000000082900000, 0x0000000082900000|100%| O|  |TAMS 0x0000000082900000, 0x0000000082800000| Untracked 
|  41|0x0000000082900000, 0x0000000082a00000, 0x0000000082a00000|100%| O|  |TAMS 0x0000000082a00000, 0x0000000082900000| Untracked 
|  42|0x0000000082a00000, 0x0000000082b00000, 0x0000000082b00000|100%| O|  |TAMS 0x0000000082b00000, 0x0000000082a00000| Untracked 
|  43|0x0000000082b00000, 0x0000000082c00000, 0x0000000082c00000|100%| O|  |TAMS 0x0000000082c00000, 0x0000000082b00000| Untracked 
|  44|0x0000000082c00000, 0x0000000082d00000, 0x0000000082d00000|100%| O|  |TAMS 0x0000000082d00000, 0x0000000082c00000| Untracked 
|  45|0x0000000082d00000, 0x0000000082e00000, 0x0000000082e00000|100%| O|  |TAMS 0x0000000082e00000, 0x0000000082d00000| Untracked 
|  46|0x0000000082e00000, 0x0000000082f00000, 0x0000000082f00000|100%| O|  |TAMS 0x0000000082f00000, 0x0000000082e00000| Untracked 
|  47|0x0000000082f00000, 0x0000000083000000, 0x0000000083000000|100%|HS|  |TAMS 0x0000000083000000, 0x0000000082f00000| Complete 
|  48|0x0000000083000000, 0x0000000083100000, 0x0000000083100000|100%|HC|  |TAMS 0x0000000083100000, 0x0000000083000000| Complete 
|  49|0x0000000083100000, 0x0000000083200000, 0x0000000083200000|100%|HC|  |TAMS 0x0000000083200000, 0x0000000083100000| Complete 
|  50|0x0000000083200000, 0x0000000083300000, 0x0000000083300000|100%|HC|  |TAMS 0x0000000083300000, 0x0000000083200000| Complete 
|  51|0x0000000083300000, 0x0000000083300000, 0x0000000083400000|  0%| F|  |TAMS 0x0000000083300000, 0x0000000083300000| Untracked 
|  52|0x0000000083400000, 0x0000000083500000, 0x0000000083500000|100%| O|  |TAMS 0x0000000083500000, 0x0000000083400000| Untracked 
|  53|0x0000000083500000, 0x0000000083500000, 0x0000000083600000|  0%| F|  |TAMS 0x0000000083500000, 0x0000000083500000| Untracked 
|  54|0x0000000083600000, 0x0000000083700000, 0x0000000083700000|100%| O|  |TAMS 0x0000000083700000, 0x0000000083600000| Untracked 
|  55|0x0000000083700000, 0x0000000083800000, 0x0000000083800000|100%| O|  |TAMS 0x0000000083800000, 0x0000000083700000| Untracked 
|  56|0x0000000083800000, 0x0000000083900000, 0x0000000083900000|100%| O|  |TAMS 0x0000000083900000, 0x0000000083800000| Untracked 
|  57|0x0000000083900000, 0x0000000083900000, 0x0000000083a00000|  0%| F|  |TAMS 0x0000000083900000, 0x0000000083900000| Untracked 
|  58|0x0000000083a00000, 0x0000000083a00000, 0x0000000083b00000|  0%| F|  |TAMS 0x0000000083a00000, 0x0000000083a00000| Untracked 
|  59|0x0000000083b00000, 0x0000000083b00000, 0x0000000083c00000|  0%| F|  |TAMS 0x0000000083b00000, 0x0000000083b00000| Untracked 
|  60|0x0000000083c00000, 0x0000000083d00000, 0x0000000083d00000|100%| O|  |TAMS 0x0000000083d00000, 0x0000000083c00000| Untracked 
|  61|0x0000000083d00000, 0x0000000083df7200, 0x0000000083e00000| 96%| O|  |TAMS 0x0000000083df7200, 0x0000000083d00000| Untracked 
|  62|0x0000000083e00000, 0x0000000083f00000, 0x0000000083f00000|100%|HS|  |TAMS 0x0000000083f00000, 0x0000000083e00000| Complete 
|  63|0x0000000083f00000, 0x0000000084000000, 0x0000000084000000|100%|HS|  |TAMS 0x0000000084000000, 0x0000000083f00000| Complete 
|  64|0x0000000084000000, 0x0000000084100000, 0x0000000084100000|100%|HC|  |TAMS 0x0000000084100000, 0x0000000084000000| Complete 
|  65|0x0000000084100000, 0x0000000084200000, 0x0000000084200000|100%|HC|  |TAMS 0x0000000084200000, 0x0000000084100000| Complete 
|  66|0x0000000084200000, 0x0000000084200000, 0x0000000084300000|  0%| F|  |TAMS 0x0000000084200000, 0x0000000084200000| Untracked 
|  67|0x0000000084300000, 0x0000000084300000, 0x0000000084400000|  0%| F|  |TAMS 0x0000000084300000, 0x0000000084300000| Untracked 
|  68|0x0000000084400000, 0x0000000084400000, 0x0000000084500000|  0%| F|  |TAMS 0x0000000084400000, 0x0000000084400000| Untracked 
|  69|0x0000000084500000, 0x0000000084500000, 0x0000000084600000|  0%| F|  |TAMS 0x0000000084500000, 0x0000000084500000| Untracked 
|  70|0x0000000084600000, 0x0000000084600000, 0x0000000084700000|  0%| F|  |TAMS 0x0000000084600000, 0x0000000084600000| Untracked 
|  71|0x0000000084700000, 0x0000000084700000, 0x0000000084800000|  0%| F|  |TAMS 0x0000000084700000, 0x0000000084700000| Untracked 
|  72|0x0000000084800000, 0x0000000084800000, 0x0000000084900000|  0%| F|  |TAMS 0x0000000084800000, 0x0000000084800000| Untracked 
|  73|0x0000000084900000, 0x0000000084900000, 0x0000000084a00000|  0%| F|  |TAMS 0x0000000084900000, 0x0000000084900000| Untracked 
|  74|0x0000000084a00000, 0x0000000084a00000, 0x0000000084b00000|  0%| F|  |TAMS 0x0000000084a00000, 0x0000000084a00000| Untracked 
|  75|0x0000000084b00000, 0x0000000084b00000, 0x0000000084c00000|  0%| F|  |TAMS 0x0000000084b00000, 0x0000000084b00000| Untracked 
|  76|0x0000000084c00000, 0x0000000084c00000, 0x0000000084d00000|  0%| F|  |TAMS 0x0000000084c00000, 0x0000000084c00000| Untracked 
|  77|0x0000000084d00000, 0x0000000084d00000, 0x0000000084e00000|  0%| F|  |TAMS 0x0000000084d00000, 0x0000000084d00000| Untracked 
|  78|0x0000000084e00000, 0x0000000084e00000, 0x0000000084f00000|  0%| F|  |TAMS 0x0000000084e00000, 0x0000000084e00000| Untracked 
|  79|0x0000000084f00000, 0x0000000084f00000, 0x0000000085000000|  0%| F|  |TAMS 0x0000000084f00000, 0x0000000084f00000| Untracked 
|  80|0x0000000085000000, 0x0000000085000000, 0x0000000085100000|  0%| F|  |TAMS 0x0000000085000000, 0x0000000085000000| Untracked 
|  81|0x0000000085100000, 0x0000000085100000, 0x0000000085200000|  0%| F|  |TAMS 0x0000000085100000, 0x0000000085100000| Untracked 
|  82|0x0000000085200000, 0x0000000085200000, 0x0000000085300000|  0%| F|  |TAMS 0x0000000085200000, 0x0000000085200000| Untracked 
|  83|0x0000000085300000, 0x0000000085300000, 0x0000000085400000|  0%| F|  |TAMS 0x0000000085300000, 0x0000000085300000| Untracked 
|  84|0x0000000085400000, 0x0000000085400000, 0x0000000085500000|  0%| F|  |TAMS 0x0000000085400000, 0x0000000085400000| Untracked 
|  85|0x0000000085500000, 0x0000000085500000, 0x0000000085600000|  0%| F|  |TAMS 0x0000000085500000, 0x0000000085500000| Untracked 
|  86|0x0000000085600000, 0x0000000085600000, 0x0000000085700000|  0%| F|  |TAMS 0x0000000085600000, 0x0000000085600000| Untracked 
|  87|0x0000000085700000, 0x0000000085700000, 0x0000000085800000|  0%| F|  |TAMS 0x0000000085700000, 0x0000000085700000| Untracked 
|  88|0x0000000085800000, 0x0000000085800000, 0x0000000085900000|  0%| F|  |TAMS 0x0000000085800000, 0x0000000085800000| Untracked 
|  89|0x0000000085900000, 0x0000000085900000, 0x0000000085a00000|  0%| F|  |TAMS 0x0000000085900000, 0x0000000085900000| Untracked 
|  90|0x0000000085a00000, 0x0000000085a00000, 0x0000000085b00000|  0%| F|  |TAMS 0x0000000085a00000, 0x0000000085a00000| Untracked 
|  91|0x0000000085b00000, 0x0000000085b00000, 0x0000000085c00000|  0%| F|  |TAMS 0x0000000085b00000, 0x0000000085b00000| Untracked 
|  92|0x0000000085c00000, 0x0000000085c00000, 0x0000000085d00000|  0%| F|  |TAMS 0x0000000085c00000, 0x0000000085c00000| Untracked 
|  93|0x0000000085d00000, 0x0000000085d00000, 0x0000000085e00000|  0%| F|  |TAMS 0x0000000085d00000, 0x0000000085d00000| Untracked 
|  94|0x0000000085e00000, 0x0000000085e00000, 0x0000000085f00000|  0%| F|  |TAMS 0x0000000085e00000, 0x0000000085e00000| Untracked 
|  95|0x0000000085f00000, 0x0000000085f00000, 0x0000000086000000|  0%| F|  |TAMS 0x0000000085f00000, 0x0000000085f00000| Untracked 
|  96|0x0000000086000000, 0x0000000086000000, 0x0000000086100000|  0%| F|  |TAMS 0x0000000086000000, 0x0000000086000000| Untracked 
|  97|0x0000000086100000, 0x0000000086100000, 0x0000000086200000|  0%| F|  |TAMS 0x0000000086100000, 0x0000000086100000| Untracked 
|  98|0x0000000086200000, 0x0000000086200000, 0x0000000086300000|  0%| F|  |TAMS 0x0000000086200000, 0x0000000086200000| Untracked 
|  99|0x0000000086300000, 0x0000000086300000, 0x0000000086400000|  0%| F|  |TAMS 0x0000000086300000, 0x0000000086300000| Untracked 
| 100|0x0000000086400000, 0x0000000086400000, 0x0000000086500000|  0%| F|  |TAMS 0x0000000086400000, 0x0000000086400000| Untracked 
| 101|0x0000000086500000, 0x0000000086500000, 0x0000000086600000|  0%| F|  |TAMS 0x0000000086500000, 0x0000000086500000| Untracked 
| 102|0x0000000086600000, 0x0000000086600000, 0x0000000086700000|  0%| F|  |TAMS 0x0000000086600000, 0x0000000086600000| Untracked 
| 103|0x0000000086700000, 0x0000000086700000, 0x0000000086800000|  0%| F|  |TAMS 0x0000000086700000, 0x0000000086700000| Untracked 
| 104|0x0000000086800000, 0x0000000086800000, 0x0000000086900000|  0%| F|  |TAMS 0x0000000086800000, 0x0000000086800000| Untracked 
| 105|0x0000000086900000, 0x0000000086900000, 0x0000000086a00000|  0%| F|  |TAMS 0x0000000086900000, 0x0000000086900000| Untracked 
| 106|0x0000000086a00000, 0x0000000086a00000, 0x0000000086b00000|  0%| F|  |TAMS 0x0000000086a00000, 0x0000000086a00000| Untracked 
| 107|0x0000000086b00000, 0x0000000086b00000, 0x0000000086c00000|  0%| F|  |TAMS 0x0000000086b00000, 0x0000000086b00000| Untracked 
| 108|0x0000000086c00000, 0x0000000086c00000, 0x0000000086d00000|  0%| F|  |TAMS 0x0000000086c00000, 0x0000000086c00000| Untracked 
| 109|0x0000000086d00000, 0x0000000086d00000, 0x0000000086e00000|  0%| F|  |TAMS 0x0000000086d00000, 0x0000000086d00000| Untracked 
| 110|0x0000000086e00000, 0x0000000086e00000, 0x0000000086f00000|  0%| F|  |TAMS 0x0000000086e00000, 0x0000000086e00000| Untracked 
| 111|0x0000000086f00000, 0x0000000086f00000, 0x0000000087000000|  0%| F|  |TAMS 0x0000000086f00000, 0x0000000086f00000| Untracked 
| 112|0x0000000087000000, 0x0000000087000000, 0x0000000087100000|  0%| F|  |TAMS 0x0000000087000000, 0x0000000087000000| Untracked 
| 113|0x0000000087100000, 0x0000000087100000, 0x0000000087200000|  0%| F|  |TAMS 0x0000000087100000, 0x0000000087100000| Untracked 
| 114|0x0000000087200000, 0x0000000087200000, 0x0000000087300000|  0%| F|  |TAMS 0x0000000087200000, 0x0000000087200000| Untracked 
| 115|0x0000000087300000, 0x0000000087300000, 0x0000000087400000|  0%| F|  |TAMS 0x0000000087300000, 0x0000000087300000| Untracked 
| 116|0x0000000087400000, 0x0000000087400000, 0x0000000087500000|  0%| F|  |TAMS 0x0000000087400000, 0x0000000087400000| Untracked 
| 117|0x0000000087500000, 0x0000000087500000, 0x0000000087600000|  0%| F|  |TAMS 0x0000000087500000, 0x0000000087500000| Untracked 
| 118|0x0000000087600000, 0x0000000087600000, 0x0000000087700000|  0%| F|  |TAMS 0x0000000087600000, 0x0000000087600000| Untracked 
| 119|0x0000000087700000, 0x0000000087700000, 0x0000000087800000|  0%| F|  |TAMS 0x0000000087700000, 0x0000000087700000| Untracked 
| 120|0x0000000087800000, 0x0000000087800000, 0x0000000087900000|  0%| F|  |TAMS 0x0000000087800000, 0x0000000087800000| Untracked 
| 121|0x0000000087900000, 0x0000000087900000, 0x0000000087a00000|  0%| F|  |TAMS 0x0000000087900000, 0x0000000087900000| Untracked 
| 122|0x0000000087a00000, 0x0000000087a00000, 0x0000000087b00000|  0%| F|  |TAMS 0x0000000087a00000, 0x0000000087a00000| Untracked 
| 123|0x0000000087b00000, 0x0000000087b00000, 0x0000000087c00000|  0%| F|  |TAMS 0x0000000087b00000, 0x0000000087b00000| Untracked 
| 124|0x0000000087c00000, 0x0000000087c00000, 0x0000000087d00000|  0%| F|  |TAMS 0x0000000087c00000, 0x0000000087c00000| Untracked 
| 125|0x0000000087d00000, 0x0000000087d00000, 0x0000000087e00000|  0%| F|  |TAMS 0x0000000087d00000, 0x0000000087d00000| Untracked 
| 126|0x0000000087e00000, 0x0000000087e00000, 0x0000000087f00000|  0%| F|  |TAMS 0x0000000087e00000, 0x0000000087e00000| Untracked 
| 127|0x0000000087f00000, 0x0000000087f00000, 0x0000000088000000|  0%| F|  |TAMS 0x0000000087f00000, 0x0000000087f00000| Untracked 
| 128|0x0000000088000000, 0x0000000088000000, 0x0000000088100000|  0%| F|  |TAMS 0x0000000088000000, 0x0000000088000000| Untracked 
| 129|0x0000000088100000, 0x0000000088100000, 0x0000000088200000|  0%| F|  |TAMS 0x0000000088100000, 0x0000000088100000| Untracked 
| 130|0x0000000088200000, 0x0000000088200000, 0x0000000088300000|  0%| F|  |TAMS 0x0000000088200000, 0x0000000088200000| Untracked 
| 131|0x0000000088300000, 0x0000000088300000, 0x0000000088400000|  0%| F|  |TAMS 0x0000000088300000, 0x0000000088300000| Untracked 
| 132|0x0000000088400000, 0x0000000088400000, 0x0000000088500000|  0%| F|  |TAMS 0x0000000088400000, 0x0000000088400000| Untracked 
| 133|0x0000000088500000, 0x0000000088500000, 0x0000000088600000|  0%| F|  |TAMS 0x0000000088500000, 0x0000000088500000| Untracked 
| 134|0x0000000088600000, 0x0000000088600000, 0x0000000088700000|  0%| F|  |TAMS 0x0000000088600000, 0x0000000088600000| Untracked 
| 135|0x0000000088700000, 0x0000000088700000, 0x0000000088800000|  0%| F|  |TAMS 0x0000000088700000, 0x0000000088700000| Untracked 
| 136|0x0000000088800000, 0x0000000088800000, 0x0000000088900000|  0%| F|  |TAMS 0x0000000088800000, 0x0000000088800000| Untracked 
| 137|0x0000000088900000, 0x00000000889a8c60, 0x0000000088a00000| 65%| S|CS|TAMS 0x0000000088900000, 0x0000000088900000| Complete 
| 138|0x0000000088a00000, 0x0000000088b00000, 0x0000000088b00000|100%| S|CS|TAMS 0x0000000088a00000, 0x0000000088a00000| Complete 
| 139|0x0000000088b00000, 0x0000000088c00000, 0x0000000088c00000|100%| S|CS|TAMS 0x0000000088b00000, 0x0000000088b00000| Complete 
| 140|0x0000000088c00000, 0x0000000088d00000, 0x0000000088d00000|100%| S|CS|TAMS 0x0000000088c00000, 0x0000000088c00000| Complete 
| 141|0x0000000088d00000, 0x0000000088e00000, 0x0000000088e00000|100%| S|CS|TAMS 0x0000000088d00000, 0x0000000088d00000| Complete 
| 142|0x0000000088e00000, 0x0000000088f00000, 0x0000000088f00000|100%| S|CS|TAMS 0x0000000088e00000, 0x0000000088e00000| Complete 
| 143|0x0000000088f00000, 0x0000000089000000, 0x0000000089000000|100%| S|CS|TAMS 0x0000000088f00000, 0x0000000088f00000| Complete 
| 144|0x0000000089000000, 0x0000000089100000, 0x0000000089100000|100%| S|CS|TAMS 0x0000000089000000, 0x0000000089000000| Complete 
| 145|0x0000000089100000, 0x0000000089100000, 0x0000000089200000|  0%| F|  |TAMS 0x0000000089100000, 0x0000000089100000| Untracked 
| 146|0x0000000089200000, 0x0000000089200000, 0x0000000089300000|  0%| F|  |TAMS 0x0000000089200000, 0x0000000089200000| Untracked 
| 147|0x0000000089300000, 0x0000000089300000, 0x0000000089400000|  0%| F|  |TAMS 0x0000000089300000, 0x0000000089300000| Untracked 
| 148|0x0000000089400000, 0x0000000089400000, 0x0000000089500000|  0%| F|  |TAMS 0x0000000089400000, 0x0000000089400000| Untracked 
| 149|0x0000000089500000, 0x0000000089500000, 0x0000000089600000|  0%| F|  |TAMS 0x0000000089500000, 0x0000000089500000| Untracked 
| 150|0x0000000089600000, 0x00000000896a6458, 0x0000000089700000| 64%| E|  |TAMS 0x0000000089600000, 0x0000000089600000| Complete 
| 151|0x0000000089700000, 0x0000000089800000, 0x0000000089800000|100%| E|CS|TAMS 0x0000000089700000, 0x0000000089700000| Complete 
| 152|0x0000000089800000, 0x0000000089900000, 0x0000000089900000|100%| E|CS|TAMS 0x0000000089800000, 0x0000000089800000| Complete 
| 153|0x0000000089900000, 0x0000000089a00000, 0x0000000089a00000|100%| E|CS|TAMS 0x0000000089900000, 0x0000000089900000| Complete 
| 154|0x0000000089a00000, 0x0000000089b00000, 0x0000000089b00000|100%| E|CS|TAMS 0x0000000089a00000, 0x0000000089a00000| Complete 
| 155|0x0000000089b00000, 0x0000000089c00000, 0x0000000089c00000|100%| E|CS|TAMS 0x0000000089b00000, 0x0000000089b00000| Complete 
| 156|0x0000000089c00000, 0x0000000089d00000, 0x0000000089d00000|100%| E|CS|TAMS 0x0000000089c00000, 0x0000000089c00000| Complete 
| 157|0x0000000089d00000, 0x0000000089e00000, 0x0000000089e00000|100%| E|CS|TAMS 0x0000000089d00000, 0x0000000089d00000| Complete 
| 158|0x0000000089e00000, 0x0000000089f00000, 0x0000000089f00000|100%| E|CS|TAMS 0x0000000089e00000, 0x0000000089e00000| Complete 
| 159|0x0000000089f00000, 0x000000008a000000, 0x000000008a000000|100%| E|CS|TAMS 0x0000000089f00000, 0x0000000089f00000| Complete 
| 160|0x000000008a000000, 0x000000008a100000, 0x000000008a100000|100%| E|CS|TAMS 0x000000008a000000, 0x000000008a000000| Complete 
| 161|0x000000008a100000, 0x000000008a200000, 0x000000008a200000|100%| E|CS|TAMS 0x000000008a100000, 0x000000008a100000| Complete 
| 162|0x000000008a200000, 0x000000008a300000, 0x000000008a300000|100%| E|CS|TAMS 0x000000008a200000, 0x000000008a200000| Complete 
| 163|0x000000008a300000, 0x000000008a400000, 0x000000008a400000|100%| E|CS|TAMS 0x000000008a300000, 0x000000008a300000| Complete 
| 164|0x000000008a400000, 0x000000008a500000, 0x000000008a500000|100%| E|CS|TAMS 0x000000008a400000, 0x000000008a400000| Complete 
| 165|0x000000008a500000, 0x000000008a600000, 0x000000008a600000|100%| E|CS|TAMS 0x000000008a500000, 0x000000008a500000| Complete 
| 166|0x000000008a600000, 0x000000008a700000, 0x000000008a700000|100%| E|CS|TAMS 0x000000008a600000, 0x000000008a600000| Complete 
| 167|0x000000008a700000, 0x000000008a800000, 0x000000008a800000|100%| E|CS|TAMS 0x000000008a700000, 0x000000008a700000| Complete 
| 168|0x000000008a800000, 0x000000008a900000, 0x000000008a900000|100%| E|CS|TAMS 0x000000008a800000, 0x000000008a800000| Complete 
| 169|0x000000008a900000, 0x000000008aa00000, 0x000000008aa00000|100%| E|CS|TAMS 0x000000008a900000, 0x000000008a900000| Complete 
| 170|0x000000008aa00000, 0x000000008ab00000, 0x000000008ab00000|100%| E|CS|TAMS 0x000000008aa00000, 0x000000008aa00000| Complete 
| 171|0x000000008ab00000, 0x000000008ac00000, 0x000000008ac00000|100%| E|CS|TAMS 0x000000008ab00000, 0x000000008ab00000| Complete 
| 172|0x000000008ac00000, 0x000000008ad00000, 0x000000008ad00000|100%| E|CS|TAMS 0x000000008ac00000, 0x000000008ac00000| Complete 
| 173|0x000000008ad00000, 0x000000008ae00000, 0x000000008ae00000|100%| E|CS|TAMS 0x000000008ad00000, 0x000000008ad00000| Complete 
| 174|0x000000008ae00000, 0x000000008af00000, 0x000000008af00000|100%| E|CS|TAMS 0x000000008ae00000, 0x000000008ae00000| Complete 
| 175|0x000000008af00000, 0x000000008b000000, 0x000000008b000000|100%| E|CS|TAMS 0x000000008af00000, 0x000000008af00000| Complete 
| 176|0x000000008b000000, 0x000000008b100000, 0x000000008b100000|100%| E|CS|TAMS 0x000000008b000000, 0x000000008b000000| Complete 
| 177|0x000000008b100000, 0x000000008b200000, 0x000000008b200000|100%| E|CS|TAMS 0x000000008b100000, 0x000000008b100000| Complete 
| 178|0x000000008b200000, 0x000000008b300000, 0x000000008b300000|100%| E|CS|TAMS 0x000000008b200000, 0x000000008b200000| Complete 
| 179|0x000000008b300000, 0x000000008b400000, 0x000000008b400000|100%| E|CS|TAMS 0x000000008b300000, 0x000000008b300000| Complete 
| 180|0x000000008b400000, 0x000000008b500000, 0x000000008b500000|100%| E|CS|TAMS 0x000000008b400000, 0x000000008b400000| Complete 
| 181|0x000000008b500000, 0x000000008b600000, 0x000000008b600000|100%| E|CS|TAMS 0x000000008b500000, 0x000000008b500000| Complete 
| 182|0x000000008b600000, 0x000000008b700000, 0x000000008b700000|100%| E|CS|TAMS 0x000000008b600000, 0x000000008b600000| Complete 
| 183|0x000000008b700000, 0x000000008b800000, 0x000000008b800000|100%| E|CS|TAMS 0x000000008b700000, 0x000000008b700000| Complete 
| 184|0x000000008b800000, 0x000000008b900000, 0x000000008b900000|100%| E|CS|TAMS 0x000000008b800000, 0x000000008b800000| Complete 

Card table byte_map: [0x000001994da30000,0x000001994de30000] _byte_map_base: 0x000001994d630000

Marking Bits (Prev, Next): (CMBitMap*) 0x000001993ab600d0, (CMBitMap*) 0x000001993ab60098
 Prev Bits: [0x0000019950230000, 0x0000019952230000)
 Next Bits: [0x000001994e230000, 0x0000019950230000)

Polling page: 0x000001993a300000

Metaspace:

Usage:
  Non-class:     54.97 MB capacity,    53.83 MB ( 98%) used,  1000.95 KB (  2%) free+waste,   166.81 KB ( <1%) overhead. 
      Class:      8.50 MB capacity,     7.92 MB ( 93%) used,   515.19 KB (  6%) free+waste,    79.19 KB ( <1%) overhead. 
       Both:     63.48 MB capacity,    61.76 MB ( 97%) used,     1.48 MB (  2%) free+waste,   246.00 KB ( <1%) overhead. 

Virtual space:
  Non-class space:       56.00 MB reserved,      55.00 MB ( 98%) committed 
      Class space:        1.00 GB reserved,       8.63 MB ( <1%) committed 
             Both:        1.05 GB reserved,      63.63 MB (  6%) committed 

Chunk freelists:
   Non-Class:  26.00 KB
       Class:  28.00 KB
        Both:  54.00 KB

MaxMetaspaceSize: 17179869184.00 GB
CompressedClassSpaceSize: 1.00 GB
Initial GC threshold: 20.80 MB
Current GC threshold: 99.75 MB
CDS: off

CodeHeap 'non-profiled nmethods': size=120064Kb used=7340Kb max_used=7340Kb free=112723Kb
 bounds [0x00000199460f0000, 0x0000019946820000, 0x000001994d630000]
CodeHeap 'profiled nmethods': size=120000Kb used=17089Kb max_used=17089Kb free=102910Kb
 bounds [0x000001993ebc0000, 0x000001993fc80000, 0x00000199460f0000]
CodeHeap 'non-nmethods': size=5696Kb used=2342Kb max_used=2389Kb free=3353Kb
 bounds [0x000001993e630000, 0x000001993e8a0000, 0x000001993ebc0000]
 total_blobs=8280 nmethods=7430 adapters=762
 compilation: enabled
              stopped_count=0, restarted_count=0
 full_count=0

Compilation events (20 events):
Event: 59.891 Thread 0x0000019954fe0800 6901       3       com.google.common.collect.LinkedHashMultimap$ValueSet::<init> (55 bytes)
Event: 59.891 Thread 0x0000019954fe0800 nmethod 6901 0x000001993fa90190 code [0x000001993fa903a0, 0x000001993fa908c8]
Event: 59.892 Thread 0x0000019954fe0800 6902       3       org.objectweb.asm.Type::getSize (86 bytes)
Event: 59.892 Thread 0x0000019954fe0800 nmethod 6902 0x000001993fa90a90 code [0x000001993fa90c60, 0x000001993fa90fc8]
Event: 59.903 Thread 0x0000019954fe0800 6904       1       org.gradle.internal.instantiation.generator.AbstractClassGenerator$PropertyMetadata::field (6 bytes)
Event: 59.903 Thread 0x0000019954fe0800 nmethod 6904 0x000001994679ad10 code [0x000001994679aec0, 0x000001994679afb8]
Event: 59.903 Thread 0x0000019954fe0800 6905       1       sun.reflect.generics.tree.ClassSignature::getFormalTypeParameters (5 bytes)
Event: 59.903 Thread 0x0000019954fe0800 nmethod 6905 0x000001994679b010 code [0x000001994679b1c0, 0x000001994679b278]
Event: 59.903 Thread 0x0000019954fe0800 6907       3       org.gradle.model.internal.asm.AsmClassGeneratorUtils::unboxOrCast (332 bytes)
Event: 59.904 Thread 0x0000019954fe0800 nmethod 6907 0x000001993fa91090 code [0x000001993fa91560, 0x000001993fa932d8]
Event: 59.905 Thread 0x0000019954fe0800 6908       3       org.gradle.internal.instantiation.generator.AsmBackedClassGenerator$ClassBuilderImpl::applyConventionMappingToGetter (479 bytes)
Event: 59.907 Thread 0x0000019954fe0800 nmethod 6908 0x000001993fa93d10 code [0x000001993fa94320, 0x000001993fa96fe8]
Event: 59.907 Thread 0x0000019954fe0800 6909       3       org.gradle.internal.instantiation.generator.AsmBackedClassGenerator$ClassBuilderImpl::applyConventionMappingToProperty (34 bytes)
Event: 59.907 Thread 0x0000019954fe0800 nmethod 6909 0x000001993fa98090 code [0x000001993fa982e0, 0x000001993fa98968]
Event: 59.907 Thread 0x0000019954fe0800 6911       3       java.lang.invoke.SimpleMethodHandle::make (10 bytes)
Event: 59.907 Thread 0x0000019954fe0800 nmethod 6911 0x000001993fa98c10 code [0x000001993fa98de0, 0x000001993fa98fc8]
Event: 59.907 Thread 0x0000019954fe0800 6913       3       org.gradle.internal.metaobject.DynamicInvokeResult::isFound (16 bytes)
Event: 59.907 Thread 0x0000019954fe0800 nmethod 6913 0x000001993fa99110 code [0x000001993fa992c0, 0x000001993fa99438]
Event: 59.907 Thread 0x0000019954fe0800 6912       3       java.lang.invoke.SimpleMethodHandle::<init> (7 bytes)
Event: 59.908 Thread 0x0000019954fe0800 nmethod 6912 0x000001993fa99510 code [0x000001993fa996e0, 0x000001993fa99888]

GC Heap History (20 events):
Event: 54.644 GC heap before
{Heap before GC invocations=34 (full 0):
 garbage-first heap   total 189440K, used 160414K [0x0000000080000000, 0x0000000100000000)
  region size 1024K, 100 young (102400K), 8 survivors (8192K)
 Metaspace       used 50418K, capacity 51706K, committed 51840K, reserved 1093632K
  class space    used 6474K, capacity 6957K, committed 7040K, reserved 1048576K
}
Event: 54.652 GC heap after
{Heap after GC invocations=35 (full 0):
 garbage-first heap   total 189440K, used 67076K [0x0000000080000000, 0x0000000100000000)
  region size 1024K, 8 young (8192K), 8 survivors (8192K)
 Metaspace       used 50418K, capacity 51706K, committed 51840K, reserved 1093632K
  class space    used 6474K, capacity 6957K, committed 7040K, reserved 1048576K
}
Event: 54.965 GC heap before
{Heap before GC invocations=35 (full 0):
 garbage-first heap   total 189440K, used 161284K [0x0000000080000000, 0x0000000100000000)
  region size 1024K, 100 young (102400K), 8 survivors (8192K)
 Metaspace       used 50418K, capacity 51706K, committed 51840K, reserved 1093632K
  class space    used 6474K, capacity 6957K, committed 7040K, reserved 1048576K
}
Event: 54.973 GC heap after
{Heap after GC invocations=36 (full 0):
 garbage-first heap   total 189440K, used 68154K [0x0000000080000000, 0x0000000100000000)
  region size 1024K, 6 young (6144K), 6 survivors (6144K)
 Metaspace       used 50418K, capacity 51706K, committed 51840K, reserved 1093632K
  class space    used 6474K, capacity 6957K, committed 7040K, reserved 1048576K
}
Event: 55.272 GC heap before
{Heap before GC invocations=36 (full 0):
 garbage-first heap   total 189440K, used 163386K [0x0000000080000000, 0x0000000100000000)
  region size 1024K, 99 young (101376K), 6 survivors (6144K)
 Metaspace       used 50421K, capacity 51706K, committed 51840K, reserved 1093632K
  class space    used 6475K, capacity 6957K, committed 7040K, reserved 1048576K
}
Event: 55.277 GC heap after
{Heap after GC invocations=37 (full 0):
 garbage-first heap   total 189440K, used 68781K [0x0000000080000000, 0x0000000100000000)
  region size 1024K, 7 young (7168K), 7 survivors (7168K)
 Metaspace       used 50421K, capacity 51706K, committed 51840K, reserved 1093632K
  class space    used 6475K, capacity 6957K, committed 7040K, reserved 1048576K
}
Event: 55.633 GC heap before
{Heap before GC invocations=37 (full 0):
 garbage-first heap   total 189440K, used 161965K [0x0000000080000000, 0x0000000100000000)
  region size 1024K, 98 young (100352K), 7 survivors (7168K)
 Metaspace       used 50425K, capacity 51706K, committed 51840K, reserved 1093632K
  class space    used 6475K, capacity 6957K, committed 7040K, reserved 1048576K
}
Event: 55.639 GC heap after
{Heap after GC invocations=38 (full 0):
 garbage-first heap   total 189440K, used 69826K [0x0000000080000000, 0x0000000100000000)
  region size 1024K, 8 young (8192K), 8 survivors (8192K)
 Metaspace       used 50425K, capacity 51706K, committed 51840K, reserved 1093632K
  class space    used 6475K, capacity 6957K, committed 7040K, reserved 1048576K
}
Event: 55.976 GC heap before
{Heap before GC invocations=38 (full 0):
 garbage-first heap   total 189440K, used 160962K [0x0000000080000000, 0x0000000100000000)
  region size 1024K, 97 young (99328K), 8 survivors (8192K)
 Metaspace       used 50425K, capacity 51706K, committed 51840K, reserved 1093632K
  class space    used 6475K, capacity 6957K, committed 7040K, reserved 1048576K
}
Event: 55.982 GC heap after
{Heap after GC invocations=39 (full 0):
 garbage-first heap   total 189440K, used 70826K [0x0000000080000000, 0x0000000100000000)
  region size 1024K, 8 young (8192K), 8 survivors (8192K)
 Metaspace       used 50425K, capacity 51706K, committed 51840K, reserved 1093632K
  class space    used 6475K, capacity 6957K, committed 7040K, reserved 1048576K
}
Event: 56.684 GC heap before
{Heap before GC invocations=39 (full 0):
 garbage-first heap   total 189440K, used 160938K [0x0000000080000000, 0x0000000100000000)
  region size 1024K, 96 young (98304K), 8 survivors (8192K)
 Metaspace       used 50438K, capacity 51770K, committed 52096K, reserved 1093632K
  class space    used 6475K, capacity 6957K, committed 7040K, reserved 1048576K
}
Event: 56.686 GC heap after
{Heap after GC invocations=40 (full 0):
 garbage-first heap   total 189440K, used 63448K [0x0000000080000000, 0x0000000100000000)
  region size 1024K, 2 young (2048K), 2 survivors (2048K)
 Metaspace       used 50438K, capacity 51770K, committed 52096K, reserved 1093632K
  class space    used 6475K, capacity 6957K, committed 7040K, reserved 1048576K
}
Event: 56.898 GC heap before
{Heap before GC invocations=40 (full 0):
 garbage-first heap   total 189440K, used 166872K [0x0000000080000000, 0x0000000100000000)
  region size 1024K, 100 young (102400K), 2 survivors (2048K)
 Metaspace       used 50445K, capacity 51771K, committed 52096K, reserved 1093632K
  class space    used 6475K, capacity 6957K, committed 7040K, reserved 1048576K
}
Event: 56.900 GC heap after
{Heap after GC invocations=41 (full 0):
 garbage-first heap   total 189440K, used 64878K [0x0000000080000000, 0x0000000100000000)
  region size 1024K, 2 young (2048K), 2 survivors (2048K)
 Metaspace       used 50445K, capacity 51771K, committed 52096K, reserved 1093632K
  class space    used 6475K, capacity 6957K, committed 7040K, reserved 1048576K
}
Event: 57.069 GC heap before
{Heap before GC invocations=41 (full 0):
 garbage-first heap   total 189440K, used 164206K [0x0000000080000000, 0x0000000100000000)
  region size 1024K, 99 young (101376K), 2 survivors (2048K)
 Metaspace       used 50445K, capacity 51771K, committed 52096K, reserved 1093632K
  class space    used 6475K, capacity 6957K, committed 7040K, reserved 1048576K
}
Event: 57.071 GC heap after
{Heap after GC invocations=42 (full 0):
 garbage-first heap   total 189440K, used 66272K [0x0000000080000000, 0x0000000100000000)
  region size 1024K, 3 young (3072K), 3 survivors (3072K)
 Metaspace       used 50445K, capacity 51771K, committed 52096K, reserved 1093632K
  class space    used 6475K, capacity 6957K, committed 7040K, reserved 1048576K
}
Event: 57.217 GC heap before
{Heap before GC invocations=42 (full 0):
 garbage-first heap   total 189440K, used 164576K [0x0000000080000000, 0x0000000100000000)
  region size 1024K, 99 young (101376K), 3 survivors (3072K)
 Metaspace       used 50448K, capacity 51772K, committed 52096K, reserved 1093632K
  class space    used 6475K, capacity 6957K, committed 7040K, reserved 1048576K
}
Event: 57.220 GC heap after
{Heap after GC invocations=43 (full 0):
 garbage-first heap   total 189440K, used 67748K [0x0000000080000000, 0x0000000100000000)
  region size 1024K, 5 young (5120K), 5 survivors (5120K)
 Metaspace       used 50448K, capacity 51772K, committed 52096K, reserved 1093632K
  class space    used 6475K, capacity 6957K, committed 7040K, reserved 1048576K
}
Event: 57.801 GC heap before
{Heap before GC invocations=43 (full 0):
 garbage-first heap   total 189440K, used 168100K [0x0000000080000000, 0x0000000100000000)
  region size 1024K, 99 young (101376K), 5 survivors (5120K)
 Metaspace       used 50472K, capacity 51772K, committed 52096K, reserved 1093632K
  class space    used 6475K, capacity 6957K, committed 7040K, reserved 1048576K
}
Event: 57.803 GC heap after
{Heap after GC invocations=44 (full 0):
 garbage-first heap   total 189440K, used 66400K [0x0000000080000000, 0x0000000100000000)
  region size 1024K, 2 young (2048K), 2 survivors (2048K)
 Metaspace       used 50472K, capacity 51772K, committed 52096K, reserved 1093632K
  class space    used 6475K, capacity 6957K, committed 7040K, reserved 1048576K
}

Deoptimization events (20 events):
Event: 59.210 Thread 0x0000019957e0e800 Uncommon trap: trap_request=0xffffffbe fr.pc=0x00000199465db4e0 relative=0x0000000000004c00
Event: 59.210 Thread 0x0000019957e0e800 Uncommon trap: reason=profile_predicate action=maybe_recompile pc=0x00000199465db4e0 method=groovyjarjarantlr4.v4.runtime.atn.PredictionContext.getCachedContext(Lgroovyjarjarantlr4/v4/runtime/atn/PredictionContext;Ljava/util/concurrent/ConcurrentMap;Lgroo
Event: 59.210 Thread 0x0000019957e0e800 DEOPT PACKING pc=0x00000199465db4e0 sp=0x000000780fdf77c0
Event: 59.210 Thread 0x0000019957e0e800 DEOPT UNPACKING pc=0x000001993e67a1af sp=0x000000780fdf7730 mode 2
Event: 59.210 Thread 0x0000019957e0e800 DEOPT PACKING pc=0x000001993f4687d6 sp=0x000000780fdf7bc0
Event: 59.210 Thread 0x0000019957e0e800 DEOPT UNPACKING pc=0x000001993e67a95e sp=0x000000780fdf7148 mode 0
Event: 59.224 Thread 0x0000019957e0e800 DEOPT PACKING pc=0x000001993f2d8174 sp=0x000000780fdf7830
Event: 59.224 Thread 0x0000019957e0e800 DEOPT UNPACKING pc=0x000001993e67a95e sp=0x000000780fdf6dd0 mode 0
Event: 59.874 Thread 0x0000019957e0e800 Uncommon trap: trap_request=0xffffff4d fr.pc=0x0000019946252b88 relative=0x0000000000000928
Event: 59.874 Thread 0x0000019957e0e800 Uncommon trap: reason=unstable_if action=reinterpret pc=0x0000019946252b88 method=java.util.WeakHashMap.eq(Ljava/lang/Object;Ljava/lang/Object;)Z @ 2 c2
Event: 59.874 Thread 0x0000019957e0e800 DEOPT PACKING pc=0x0000019946252b88 sp=0x000000780fdf3050
Event: 59.874 Thread 0x0000019957e0e800 DEOPT UNPACKING pc=0x000001993e67a1af sp=0x000000780fdf2fc0 mode 2
Event: 59.878 Thread 0x0000019957e0e800 Uncommon trap: trap_request=0xffffffbe fr.pc=0x000001994677b878 relative=0x0000000000000ff8
Event: 59.878 Thread 0x0000019957e0e800 Uncommon trap: reason=profile_predicate action=maybe_recompile pc=0x000001994677b878 method=java.util.TimSort.gallopLeft(Ljava/lang/Object;[Ljava/lang/Object;IIILjava/util/Comparator;)I @ 147 c2
Event: 59.878 Thread 0x0000019957e0e800 DEOPT PACKING pc=0x000001994677b878 sp=0x000000780fdf3520
Event: 59.878 Thread 0x0000019957e0e800 DEOPT UNPACKING pc=0x000001993e67a1af sp=0x000000780fdf3518 mode 2
Event: 59.889 Thread 0x0000019957e0e800 Uncommon trap: trap_request=0xffffff4d fr.pc=0x000001994657b1fc relative=0x000000000000005c
Event: 59.889 Thread 0x0000019957e0e800 Uncommon trap: reason=unstable_if action=reinterpret pc=0x000001994657b1fc method=com.google.common.collect.ImmutableMap.entrySet()Lcom/google/common/collect/ImmutableSet; @ 6 c2
Event: 59.889 Thread 0x0000019957e0e800 DEOPT PACKING pc=0x000001994657b1fc sp=0x000000780fdf4370
Event: 59.889 Thread 0x0000019957e0e800 DEOPT UNPACKING pc=0x000001993e67a1af sp=0x000000780fdf4308 mode 2

Classes redefined (0 events):
No events

Internal exceptions (20 events):
Event: 59.835 Thread 0x0000019957e0e800 Exception <a 'java/lang/ClassNotFoundException'{0x0000000088169630}: org/gradle/initialization/DefaultSettings_DecoratedCustomizer> (0x0000000088169630) thrown at [./src/hotspot/share/classfile/systemDictionary.cpp, line 231]
Event: 59.845 Thread 0x0000019957e0e800 Exception <a 'java/lang/ClassNotFoundException'{0x00000000880a30c0}: org/gradle/plugin/management/internal/DefaultPluginManagementSpec_DecoratedBeanInfo> (0x00000000880a30c0) thrown at [./src/hotspot/share/classfile/systemDictionary.cpp, line 231]
Event: 59.846 Thread 0x0000019957e0e800 Exception <a 'java/lang/ClassNotFoundException'{0x00000000880dc310}: org/gradle/plugin/management/internal/DefaultPluginManagementSpecBeanInfo> (0x00000000880dc310) thrown at [./src/hotspot/share/classfile/systemDictionary.cpp, line 231]
Event: 59.846 Thread 0x0000019957e0e800 Exception <a 'java/lang/ClassNotFoundException'{0x0000000087f17d70}: org/gradle/plugin/management/internal/DefaultPluginManagementSpecCustomizer> (0x0000000087f17d70) thrown at [./src/hotspot/share/classfile/systemDictionary.cpp, line 231]
Event: 59.848 Thread 0x0000019957e0e800 Exception <a 'java/lang/ClassNotFoundException'{0x0000000087f668b8}: org/gradle/plugin/management/internal/DefaultPluginManagementSpec_DecoratedCustomizer> (0x0000000087f668b8) thrown at [./src/hotspot/share/classfile/systemDictionary.cpp, line 231]
Event: 59.865 Thread 0x0000019957e0e800 Exception <a 'java/lang/ClassNotFoundException'{0x0000000087be2e78}: org/gradle/api/internal/artifacts/dsl/DefaultRepositoryHandler_DecoratedBeanInfo> (0x0000000087be2e78) thrown at [./src/hotspot/share/classfile/systemDictionary.cpp, line 231]
Event: 59.865 Thread 0x0000019957e0e800 Exception <a 'java/lang/ClassNotFoundException'{0x0000000087a1e2d8}: org/gradle/api/internal/artifacts/dsl/DefaultRepositoryHandlerBeanInfo> (0x0000000087a1e2d8) thrown at [./src/hotspot/share/classfile/systemDictionary.cpp, line 231]
Event: 59.866 Thread 0x0000019957e0e800 Exception <a 'java/lang/ClassNotFoundException'{0x0000000087a5c328}: org/gradle/api/internal/artifacts/DefaultArtifactRepositoryContainerBeanInfo> (0x0000000087a5c328) thrown at [./src/hotspot/share/classfile/systemDictionary.cpp, line 231]
Event: 59.866 Thread 0x0000019957e0e800 Exception <a 'java/lang/ClassNotFoundException'{0x0000000087a88ac8}: org/gradle/api/internal/DefaultNamedDomainObjectListBeanInfo> (0x0000000087a88ac8) thrown at [./src/hotspot/share/classfile/systemDictionary.cpp, line 231]
Event: 59.867 Thread 0x0000019957e0e800 Exception <a 'java/lang/ClassNotFoundException'{0x0000000087ab6d88}: org/gradle/api/internal/DefaultNamedDomainObjectCollectionBeanInfo> (0x0000000087ab6d88) thrown at [./src/hotspot/share/classfile/systemDictionary.cpp, line 231]
Event: 59.867 Thread 0x0000019957e0e800 Exception <a 'java/lang/ClassNotFoundException'{0x0000000087ae3eb0}: org/gradle/api/internal/DefaultDomainObjectCollectionBeanInfo> (0x0000000087ae3eb0) thrown at [./src/hotspot/share/classfile/systemDictionary.cpp, line 231]
Event: 59.868 Thread 0x0000019957e0e800 Exception <a 'java/lang/ClassNotFoundException'{0x0000000087aeae30}: java/util/AbstractCollectionBeanInfo> (0x0000000087aeae30) thrown at [./src/hotspot/share/classfile/systemDictionary.cpp, line 231]
Event: 59.868 Thread 0x0000019957e0e800 Exception <a 'java/lang/ClassNotFoundException'{0x0000000087af1d80}: java/util/AbstractCollectionCustomizer> (0x0000000087af1d80) thrown at [./src/hotspot/share/classfile/systemDictionary.cpp, line 231]
Event: 59.869 Thread 0x0000019957e0e800 Exception <a 'java/lang/ClassNotFoundException'{0x0000000087928780}: org/gradle/api/internal/DefaultDomainObjectCollectionCustomizer> (0x0000000087928780) thrown at [./src/hotspot/share/classfile/systemDictionary.cpp, line 231]
Event: 59.871 Thread 0x0000019957e0e800 Exception <a 'java/lang/ClassNotFoundException'{0x0000000087973808}: org/gradle/api/internal/DefaultNamedDomainObjectCollectionCustomizer> (0x0000000087973808) thrown at [./src/hotspot/share/classfile/systemDictionary.cpp, line 231]
Event: 59.874 Thread 0x0000019957e0e800 Exception <a 'java/lang/ClassNotFoundException'{0x00000000879e61d8}: org/gradle/api/internal/DefaultNamedDomainObjectListCustomizer> (0x00000000879e61d8) thrown at [./src/hotspot/share/classfile/systemDictionary.cpp, line 231]
Event: 59.876 Thread 0x0000019957e0e800 Exception <a 'java/lang/ClassNotFoundException'{0x000000008783d028}: org/gradle/api/internal/artifacts/DefaultArtifactRepositoryContainerCustomizer> (0x000000008783d028) thrown at [./src/hotspot/share/classfile/systemDictionary.cpp, line 231]
Event: 59.877 Thread 0x0000019957e0e800 Exception <a 'java/lang/ClassNotFoundException'{0x0000000087889810}: org/gradle/api/internal/artifacts/dsl/DefaultRepositoryHandlerCustomizer> (0x0000000087889810) thrown at [./src/hotspot/share/classfile/systemDictionary.cpp, line 231]
Event: 59.878 Thread 0x0000019957e0e800 Exception <a 'java/lang/ClassNotFoundException'{0x00000000878e9490}: org/gradle/api/internal/artifacts/dsl/DefaultRepositoryHandler_DecoratedCustomizer> (0x00000000878e9490) thrown at [./src/hotspot/share/classfile/systemDictionary.cpp, line 231]
Event: 59.907 Thread 0x0000019957e0e800 Exception <a 'java/lang/NoSuchMethodError'{0x0000000087314498}: 'void java.lang.invoke.DirectMethodHandle$Holder.invokeInterface(java.lang.Object, java.lang.Object)'> (0x0000000087314498) thrown at [./src/hotspot/share/interpreter/linkResolver.cpp, line 773]

Events (20 events):
Event: 59.905 loading class org/gradle/api/internal/artifacts/repositories/metadata/DefaultMavenPomMetadataSource$MavenMetadataValidator
Event: 59.905 loading class org/gradle/api/internal/artifacts/repositories/metadata/DefaultMavenPomMetadataSource$MavenMetadataValidator done
Event: 59.905 loading class org/gradle/api/internal/artifacts/repositories/RepositoryContentDescriptorInternal
Event: 59.905 loading class org/gradle/api/internal/artifacts/repositories/RepositoryContentDescriptorInternal done
Event: 59.905 loading class org/gradle/api/internal/artifacts/repositories/RepositoryContentDescriptorInternal
Event: 59.905 loading class org/gradle/api/internal/artifacts/repositories/RepositoryContentDescriptorInternal done
Event: 59.905 loading class org/gradle/api/internal/artifacts/repositories/AbstractArtifactRepository
Event: 59.905 loading class org/gradle/api/internal/artifacts/repositories/AbstractArtifactRepository done
Event: 59.905 loading class com/google/common/base/Suppliers$NonSerializableMemoizingSupplier
Event: 59.905 loading class com/google/common/base/Suppliers$NonSerializableMemoizingSupplier done
Event: 59.906 loading class com/google/common/base/Suppliers$MemoizingSupplier
Event: 59.906 loading class com/google/common/base/Suppliers$MemoizingSupplier done
Event: 59.906 loading class com/google/common/base/Supplier
Event: 59.906 loading class com/google/common/base/Supplier done
Event: 59.906 loading class org/gradle/api/internal/artifacts/repositories/DefaultMavenArtifactRepository
Event: 59.906 loading class org/gradle/api/internal/artifacts/repositories/DefaultMavenArtifactRepository done
Event: 59.907 loading class org/gradle/api/artifacts/repositories/MavenArtifactRepository$MetadataSources
Event: 59.907 loading class org/gradle/api/artifacts/repositories/MavenArtifactRepository$MetadataSources done
Event: 59.907 loading class org/gradle/api/Action
Event: 59.907 loading class org/gradle/api/Action done


Dynamic libraries:
0x00007ff69c810000 - 0x00007ff69c81a000 	C:\Program Files\Android\Android Studio\jre\bin\java.exe
0x00007ff9adae0000 - 0x00007ff9adce9000 	C:\windows\SYSTEM32\ntdll.dll
0x00007ff9ac480000 - 0x00007ff9ac53d000 	C:\windows\System32\KERNEL32.DLL
0x00007ff9ab2e0000 - 0x00007ff9ab65d000 	C:\windows\System32\KERNELBASE.dll
0x00007ff9ab030000 - 0x00007ff9ab141000 	C:\windows\System32\ucrtbase.dll
0x00007ff99dee0000 - 0x00007ff99def7000 	C:\Program Files\Android\Android Studio\jre\bin\VCRUNTIME140.dll
0x00007ff99dec0000 - 0x00007ff99ded9000 	C:\Program Files\Android\Android Studio\jre\bin\jli.dll
0x00007ff9ac2d0000 - 0x00007ff9ac47d000 	C:\windows\System32\USER32.dll
0x00007ff993570000 - 0x00007ff993815000 	C:\windows\WinSxS\amd64_microsoft.windows.common-controls_6595b64144ccf1df_6.0.22000.120_none_9d947278b86cc467\COMCTL32.dll
0x00007ff9ab150000 - 0x00007ff9ab176000 	C:\windows\System32\win32u.dll
0x00007ff9ad2f0000 - 0x00007ff9ad393000 	C:\windows\System32\msvcrt.dll
0x00007ff9ac540000 - 0x00007ff9ac569000 	C:\windows\System32\GDI32.dll
0x00007ff9ab6e0000 - 0x00007ff9ab7f8000 	C:\windows\System32\gdi32full.dll
0x00007ff9ab240000 - 0x00007ff9ab2dd000 	C:\windows\System32\msvcp_win.dll
0x00007ff9ad3a0000 - 0x00007ff9ad3d1000 	C:\windows\System32\IMM32.DLL
0x00007ff956500000 - 0x00007ff95659d000 	C:\Program Files\Android\Android Studio\jre\bin\msvcp140.dll
0x00007ff971140000 - 0x00007ff971c25000 	C:\Program Files\Android\Android Studio\jre\bin\server\jvm.dll
0x00007ff9ad530000 - 0x00007ff9ad5de000 	C:\windows\System32\ADVAPI32.dll
0x00007ff9acba0000 - 0x00007ff9acc3e000 	C:\windows\System32\sechost.dll
0x00007ff9ac660000 - 0x00007ff9ac780000 	C:\windows\System32\RPCRT4.dll
0x00007ff9acb90000 - 0x00007ff9acb98000 	C:\windows\System32\PSAPI.DLL
0x00007ff985a70000 - 0x00007ff985a79000 	C:\windows\SYSTEM32\WSOCK32.dll
0x00007ff9a3670000 - 0x00007ff9a36a3000 	C:\windows\SYSTEM32\WINMM.dll
0x00007ff9acc40000 - 0x00007ff9accaf000 	C:\windows\System32\WS2_32.dll
0x00007ff9a3cd0000 - 0x00007ff9a3cda000 	C:\windows\SYSTEM32\VERSION.dll
0x00007ff9aa0c0000 - 0x00007ff9aa0d8000 	C:\windows\SYSTEM32\kernel.appcore.dll
0x00007ff985a30000 - 0x00007ff985a41000 	C:\Program Files\Android\Android Studio\jre\bin\verify.dll
0x00007ff994bc0000 - 0x00007ff994de1000 	C:\windows\SYSTEM32\DBGHELP.DLL
0x00007ff9a4540000 - 0x00007ff9a4571000 	C:\windows\SYSTEM32\dbgcore.DLL
0x00007ff9ab660000 - 0x00007ff9ab6df000 	C:\windows\System32\bcryptPrimitives.dll
0x00007ff985a00000 - 0x00007ff985a29000 	C:\Program Files\Android\Android Studio\jre\bin\java.dll
0x00007ff9859f0000 - 0x00007ff9859fb000 	C:\Program Files\Android\Android Studio\jre\bin\jimage.dll
0x00007ff9859d0000 - 0x00007ff9859e8000 	C:\Program Files\Android\Android Studio\jre\bin\zip.dll
0x00007ff9ab970000 - 0x00007ff9ac128000 	C:\windows\System32\SHELL32.dll
0x00007ff9a9130000 - 0x00007ff9a9998000 	C:\windows\SYSTEM32\windows.storage.dll
0x00007ff9ad5e0000 - 0x00007ff9ad959000 	C:\windows\System32\combase.dll
0x00007ff9a8fc0000 - 0x00007ff9a9126000 	C:\windows\SYSTEM32\wintypes.dll
0x00007ff9acd80000 - 0x00007ff9ace6a000 	C:\windows\System32\SHCORE.dll
0x00007ff9ac270000 - 0x00007ff9ac2cd000 	C:\windows\System32\shlwapi.dll
0x00007ff9aaef0000 - 0x00007ff9aaf11000 	C:\windows\SYSTEM32\profapi.dll
0x00007ff9859b0000 - 0x00007ff9859ca000 	C:\Program Files\Android\Android Studio\jre\bin\net.dll
0x00007ff9a3290000 - 0x00007ff9a339c000 	C:\windows\SYSTEM32\WINHTTP.dll
0x00007ff9aa4f0000 - 0x00007ff9aa557000 	C:\windows\system32\mswsock.dll
0x00007ff985990000 - 0x00007ff9859a4000 	C:\Program Files\Android\Android Studio\jre\bin\nio.dll
0x00007ff99df00000 - 0x00007ff99df27000 	C:\Users\Plays\.gradle\native\e1d6ef7f7dcc3fd88c89a11ec53ec762bb8ba0a96d01ffa2cd45eb1d1d8dd5c5\windows-amd64\native-platform.dll
0x00007ff954030000 - 0x00007ff954174000 	C:\Users\Plays\.gradle\native\5664cfc778a61ccfe75a443a1ab52a65af34e5dc3c78e0209fed803814484fcb\windows-amd64\native-platform-file-events.dll
0x00007ff985980000 - 0x00007ff98598a000 	C:\Program Files\Android\Android Studio\jre\bin\management.dll
0x00007ff985970000 - 0x00007ff98597d000 	C:\Program Files\Android\Android Studio\jre\bin\management_ext.dll
0x00007ff9aa730000 - 0x00007ff9aa748000 	C:\windows\SYSTEM32\CRYPTSP.dll
0x00007ff9aa020000 - 0x00007ff9aa055000 	C:\windows\system32\rsaenh.dll
0x00007ff9aa5e0000 - 0x00007ff9aa609000 	C:\windows\SYSTEM32\USERENV.dll
0x00007ff9aa8b0000 - 0x00007ff9aa8d7000 	C:\windows\SYSTEM32\bcrypt.dll
0x00007ff9aa750000 - 0x00007ff9aa75c000 	C:\windows\SYSTEM32\CRYPTBASE.dll
0x00007ff9a9bf0000 - 0x00007ff9a9c1d000 	C:\windows\SYSTEM32\IPHLPAPI.DLL
0x00007ff9acd70000 - 0x00007ff9acd79000 	C:\windows\System32\NSI.dll
0x00007ff9a3720000 - 0x00007ff9a3739000 	C:\windows\SYSTEM32\dhcpcsvc6.DLL
0x00007ff9a3ea0000 - 0x00007ff9a3ebe000 	C:\windows\SYSTEM32\dhcpcsvc.DLL
0x00007ff9a9c60000 - 0x00007ff9a9d48000 	C:\windows\SYSTEM32\DNSAPI.dll
0x00007ff9565c0000 - 0x00007ff9565e7000 	C:\Program Files\Android\Android Studio\jre\bin\sunec.dll
0x00007ff99f050000 - 0x00007ff99f05a000 	C:\Windows\System32\rasadhlp.dll
0x00007ff9a1360000 - 0x00007ff9a13e1000 	C:\windows\System32\fwpuclnt.dll

dbghelp: loaded successfully - version: 4.0.5 - missing functions: none
symbol engine: initialized successfully - sym options: 0x614 - pdb path: .;C:\Program Files\Android\Android Studio\jre\bin;C:\windows\SYSTEM32;C:\windows\WinSxS\amd64_microsoft.windows.common-controls_6595b64144ccf1df_6.0.22000.120_none_9d947278b86cc467;C:\Program Files\Android\Android Studio\jre\bin\server;C:\Users\Plays\.gradle\native\e1d6ef7f7dcc3fd88c89a11ec53ec762bb8ba0a96d01ffa2cd45eb1d1d8dd5c5\windows-amd64;C:\Users\Plays\.gradle\native\5664cfc778a61ccfe75a443a1ab52a65af34e5dc3c78e0209fed803814484fcb\windows-amd64

VM Arguments:
jvm_args: --add-opens=java.base/java.util=ALL-UNNAMED --add-opens=java.base/java.lang=ALL-UNNAMED --add-opens=java.base/java.lang.invoke=ALL-UNNAMED --add-opens=java.base/java.util=ALL-UNNAMED --add-opens=java.prefs/java.util.prefs=ALL-UNNAMED --add-opens=java.prefs/java.util.prefs=ALL-UNNAMED --add-opens=java.base/java.nio.charset=ALL-UNNAMED --add-opens=java.base/java.net=ALL-UNNAMED --add-opens=java.base/java.util.concurrent.atomic=ALL-UNNAMED -Xmx2048m -Dfile.encoding=UTF-8 -Duser.country=MX -Duser.language=es -Duser.variant 
java_command: org.gradle.launcher.daemon.bootstrap.GradleDaemon 7.3.3
java_class_path (initial): C:\Users\Plays\.gradle\wrapper\dists\gradle-7.3.3-bin\6a41zxkdtcxs8rphpq6y0069z\gradle-7.3.3\lib\gradle-launcher-7.3.3.jar
Launcher Type: SUN_STANDARD

[Global flags]
     intx CICompilerCount                          = 3                                         {product} {ergonomic}
     uint ConcGCThreads                            = 1                                         {product} {ergonomic}
     uint G1ConcRefinementThreads                  = 4                                         {product} {ergonomic}
   size_t G1HeapRegionSize                         = 1048576                                   {product} {ergonomic}
    uintx GCDrainStackTargetSize                   = 64                                        {product} {ergonomic}
   size_t InitialHeapSize                          = 134217728                                 {product} {ergonomic}
   size_t MarkStackSize                            = 4194304                                   {product} {ergonomic}
   size_t MaxHeapSize                              = 2147483648                                {product} {command line}
   size_t MaxNewSize                               = 1287651328                                {product} {ergonomic}
   size_t MinHeapDeltaBytes                        = 1048576                                   {product} {ergonomic}
    uintx NonNMethodCodeHeapSize                   = 5830732                                {pd product} {ergonomic}
    uintx NonProfiledCodeHeapSize                  = 122913754                              {pd product} {ergonomic}
    uintx ProfiledCodeHeapSize                     = 122913754                              {pd product} {ergonomic}
    uintx ReservedCodeCacheSize                    = 251658240                              {pd product} {ergonomic}
     bool SegmentedCodeCache                       = true                                      {product} {ergonomic}
     bool UseCompressedClassPointers               = true                                 {lp64_product} {ergonomic}
     bool UseCompressedOops                        = true                                 {lp64_product} {ergonomic}
     bool UseG1GC                                  = true                                      {product} {ergonomic}
     bool UseLargePagesIndividualAllocation        = false                                  {pd product} {ergonomic}

Logging:
Log output configuration:
 #0: stdout all=warning uptime,level,tags
 #1: stderr all=off uptime,level,tags

Environment Variables:
PATH=C:\windows\system32;C:\windows;C:\windows\System32\Wbem;C:\windows\System32\WindowsPowerShell\v1.0\;C:\windows\System32\OpenSSH\;C:\Program Files\Git\cmd;C:\Users\Plays\AppData\Local\Microsoft\WindowsApps;C:\Users\Plays\AppData\Local\Programs\Microsoft VS Code\bin;C:\Program Files\JetBrains\IntelliJ IDEA Community Edition 2022.2.1\bin;;C:\MinGW\bin;
USERNAME=Plays
OS=Windows_NT
PROCESSOR_IDENTIFIER=Intel64 Family 6 Model 142 Stepping 12, GenuineIntel



---------------  S Y S T E M  ---------------

OS: Windows 10 , 64 bit Build 22000 (10.0.22000.708)
OS uptime: 0 days 0:09 hours

CPU:total 4 (initial active 4) (2 cores per cpu, 2 threads per core) family 6 model 142 stepping 12 microcode 0xde, cmov, cx8, fxsr, mmx, sse, sse2, sse3, ssse3, sse4.1, sse4.2, popcnt, avx, avx2, aes, clmul, erms, 3dnowpref, lzcnt, ht, tsc, tscinvbit, bmi1, bmi2, adx, fma

Memory: 4k page, system-wide physical 8083M (3509M free)
TotalPageFile size 9363M (AvailPageFile size 5458M)
current process WorkingSet (physical memory assigned to process): 425M, peak: 425M
current process commit charge ("private bytes"): 449M, peak: 449M

vm_info: OpenJDK 64-Bit Server VM (11.0.12+7-b1504.28-7817840) for windows-amd64 JRE (11.0.12+7-b1504.28-7817840), built on Oct 13 2021 22:12:33 by "builder" with MS VC++ 14.0 (VS2015)

END.
