#
# A fatal error has been detected by the Java Runtime Environment:
#
#  EXCEPTION_ACCESS_VIOLATION (0xc0000005) at pc=0x00007ffaf3660380, pid=3064, tid=4536
#
# JRE version: OpenJDK Runtime Environment (11.0.12+7) (build 11.0.12+7-b1504.28-7817840)
# Java VM: OpenJDK 64-Bit Server VM (11.0.12+7-b1504.28-7817840, mixed mode, tiered, compressed oops, g1 gc, windows-amd64)
# Problematic frame:
# V  [jvm.dll+0x360380]
#
# No core dump will be written. Minidumps are not enabled by default on client versions of Windows
#
# If you would like to submit a bug report, please visit:
#   https://bugreport.java.com/bugreport/crash.jsp
#

---------------  S U M M A R Y ------------

Command Line: --add-opens=java.base/java.util=ALL-UNNAMED --add-opens=java.base/java.lang=ALL-UNNAMED --add-opens=java.base/java.lang.invoke=ALL-UNNAMED --add-opens=java.base/java.util=ALL-UNNAMED --add-opens=java.prefs/java.util.prefs=ALL-UNNAMED --add-opens=java.prefs/java.util.prefs=ALL-UNNAMED --add-opens=java.base/java.nio.charset=ALL-UNNAMED --add-opens=java.base/java.net=ALL-UNNAMED --add-opens=java.base/java.util.concurrent.atomic=ALL-UNNAMED -Xmx2048m -Dfile.encoding=UTF-8 -Duser.country=MX -Duser.language=es -Duser.variant org.gradle.launcher.daemon.bootstrap.GradleDaemon 7.3.3

Host: Intel(R) Core(TM) i3-8145U CPU @ 2.10GHz, 4 cores, 7G,  Windows 10 , 64 bit Build 22000 (10.0.22000.708)
Time: Wed Sep  7 18:23:59 2022 Hora de verano central (México) elapsed time: 16.027472 seconds (0d 0h 0m 16s)

---------------  T H R E A D  ---------------

Current thread (0x000001afb057b000):  JavaThread "C2 CompilerThread1" daemon [_thread_in_native, id=4536, stack(0x000000a300200000,0x000000a300300000)]


Current CompileTask:
C2:  16027 7739   !   4       com.google.common.reflect.TypeVisitor::visit (244 bytes)

Stack: [0x000000a300200000,0x000000a300300000],  sp=0x000000a3002fbf00,  free space=1007k
Native frames: (J=compiled Java code, j=interpreted, Vv=VM code, C=native code)
V  [jvm.dll+0x360380]
V  [jvm.dll+0x359800]
V  [jvm.dll+0x19d0f9]
V  [jvm.dll+0x20070e]
V  [jvm.dll+0x1ff794]
V  [jvm.dll+0x18868c]
V  [jvm.dll+0x20e0d7]
V  [jvm.dll+0x20c901]
V  [jvm.dll+0x6f9b7f]
V  [jvm.dll+0x6f26a5]
V  [jvm.dll+0x5fabf6]
C  [ucrtbase.dll+0x26c0c]
C  [KERNEL32.DLL+0x154e0]
C  [ntdll.dll+0x485b]


siginfo: EXCEPTION_ACCESS_VIOLATION (0xc0000005), reading address 0x000077faf3d0c898


Register to memory mapping:

RIP=0x00007ffaf3660380 jvm.dll
RAX=0x000077faf3d0c898 is an unknown value
RBX=0x0000000000000080 is an unknown value
RCX=0x0000000000000004 is an unknown value
RDX=0x0 is NULL
RSP=0x000000a3002fbf00 is pointing into the stack for thread: 0x000001afb057b000
RBP=0x0000000000000008 is an unknown value
RSI=0x00007ffaf3d0c898 jvm.dll
RDI=0x000001afb6f668e0 points into unknown readable memory: 0x000001afb6b8cf90 | 90 cf b8 b6 af 01 00 00
R8 =0x000001afb6418e40 points into unknown readable memory: 0x0000000000400000 | 00 00 40 00 00 00 00 00
R9 =0x000000a3002fbf50 is pointing into the stack for thread: 0x000001afb057b000
R10=0x0000000000000010 is an unknown value
R11=0x000000a3002fbe60 is pointing into the stack for thread: 0x000001afb057b000
R12=0x00007ffaf3300000 jvm.dll
R13=0x0000000000000008 is an unknown value
R14=0x0000000000000004 is an unknown value
R15=0x00007ffaf3d0c898 jvm.dll


Registers:
RAX=0x000077faf3d0c898, RBX=0x0000000000000080, RCX=0x0000000000000004, RDX=0x0000000000000000
RSP=0x000000a3002fbf00, RBP=0x0000000000000008, RSI=0x00007ffaf3d0c898, RDI=0x000001afb6f668e0
R8 =0x000001afb6418e40, R9 =0x000000a3002fbf50, R10=0x0000000000000010, R11=0x000000a3002fbe60
R12=0x00007ffaf3300000, R13=0x0000000000000008, R14=0x0000000000000004, R15=0x00007ffaf3d0c898
RIP=0x00007ffaf3660380, EFLAGS=0x0000000000010246

Top of Stack: (sp=0x000000a3002fbf00)
0x000000a3002fbf00:   0000000000000000 0000000000000000
0x000000a3002fbf10:   000001afb6b8cf98 000001afb51f7500
0x000000a3002fbf20:   0000000000001ae4 00007ffaf3659800
0x000000a3002fbf30:   000001afb62a70f0 000000a3002fc070
0x000000a3002fbf40:   0000000000001ae4 00007ffaf3b3df20
0x000000a3002fbf50:   00000e8600000000 000001af00000005
0x000000a3002fbf60:   000077faf3d0c898 000000000000000f
0x000000a3002fbf70:   000001afb689b500 000001af00000024
0x000000a3002fbf80:   000001afb6322ed0 000000a3002fc4f8
0x000000a3002fbf90:   000001afb0567e20 0000000000000000
0x000000a3002fbfa0:   000000a3002fc0b0 00007ffaf349d0f9
0x000000a3002fbfb0:   000000a3002fc410 000000a3002fc4f8
0x000000a3002fbfc0:   00000000000003d8 000001afb0567e30
0x000000a3002fbfd0:   000000000000c300 0000000000000000
0x000000a3002fbfe0:   000000a300000006 000001afb0567e20
0x000000a3002fbff0:   000001afae9262a0 000001afae92a8d0 

Instructions: (pc=0x00007ffaf3660380)
0x00007ffaf3660280:   58 4c 8b 64 24 50 48 8b c3 48 83 c4 20 41 5f 5f
0x00007ffaf3660290:   5e 5d 5b c3 cc cc cc cc cc cc cc cc cc cc cc cc
0x00007ffaf36602a0:   83 3a 00 4c 8b c2 c7 41 08 08 00 00 00 75 16 33
0x00007ffaf36602b0:   d2 c7 41 18 01 00 00 00 89 11 48 8b c1 c7 41 28
0x00007ffaf36602c0:   01 00 00 00 c3 33 d2 48 89 11 89 51 18 41 8b 80
0x00007ffaf36602d0:   90 00 00 00 89 41 28 48 89 51 10 49 8b 40 08 48
0x00007ffaf36602e0:   89 41 20 48 8b c1 4c 89 41 30 c3 cc cc cc cc cc
0x00007ffaf36602f0:   48 83 ec 28 8b 51 08 4c 8b c9 83 fa 08 73 18 4c
0x00007ffaf3660300:   8b 41 10 8b c2 41 83 3c 80 00 0f 85 0d 01 00 00
0x00007ffaf3660310:   ff c2 83 fa 08 72 ec 44 8b 51 18 48 89 5c 24 30
0x00007ffaf3660320:   48 89 6c 24 38 48 89 74 24 40 48 89 7c 24 20 44
0x00007ffaf3660330:   3b 51 28 0f 83 b9 00 00 00 8b 0d 3d 81 6e 00 48
0x00007ffaf3660340:   8d 35 52 c5 6a 00 65 48 8b 04 25 58 00 00 00 bd
0x00007ffaf3660350:   08 00 00 00 48 8d 3c c8 0f 1f 84 00 00 00 00 00
0x00007ffaf3660360:   41 8b c2 48 8d 1c c5 00 00 00 00 49 8b 41 20 48
0x00007ffaf3660370:   8b 04 03 48 3b c6 74 6d 49 89 41 10 33 d2 66 90
0x00007ffaf3660380:   83 38 00 0f 85 c3 00 00 00 ff c2 48 83 c0 04 83
0x00007ffaf3660390:   fa 08 72 ec 4d 8b 59 30 4d 85 db 74 48 49 8b 43
0x00007ffaf36603a0:   08 8b d5 48 03 17 4c 8b 04 03 48 8b 02 48 8b 88
0x00007ffaf36603b0:   d0 04 00 00 48 8b 81 88 00 00 00 48 8b 88 88 08
0x00007ffaf36603c0:   00 00 49 89 08 48 8b 02 48 8b 88 d0 04 00 00 48
0x00007ffaf36603d0:   8b 81 88 00 00 00 4c 89 80 88 08 00 00 49 8b 43
0x00007ffaf36603e0:   08 48 89 34 03 41 ff c2 45 3b 51 28 0f 82 6e ff
0x00007ffaf36603f0:   ff ff 41 8b 41 28 41 89 41 18 33 c0 41 c7 41 08
0x00007ffaf3660400:   08 00 00 00 48 8b 74 24 40 48 8b 6c 24 38 48 8b
0x00007ffaf3660410:   5c 24 30 48 8b 7c 24 20 48 83 c4 28 c3 8b 41 18
0x00007ffaf3660420:   8d 0c c2 8b c2 c1 e1 05 81 e9 00 01 00 00 41 89
0x00007ffaf3660430:   49 04 41 8b 0c 80 8d 42 01 41 89 09 49 8b c9 41
0x00007ffaf3660440:   89 41 08 48 83 c4 28 e9 c4 fd e3 ff 42 8d 04 d2
0x00007ffaf3660450:   c1 e0 05 41 89 41 04 49 8b 41 10 8b 0c 90 41 8d
0x00007ffaf3660460:   42 01 41 89 41 18 8d 42 01 41 89 09 49 8b c9 41
0x00007ffaf3660470:   89 41 08 e8 98 fd e3 ff eb 8a cc cc cc cc cc cc 


Stack slot to memory mapping:
stack at sp + 0 slots: 0x0 is NULL
stack at sp + 1 slots: 0x0 is NULL
stack at sp + 2 slots: 0x000001afb6b8cf98 points into unknown readable memory: 0x000001afb057b000 | 00 b0 57 b0 af 01 00 00
stack at sp + 3 slots: 0x000001afb51f7500 points into unknown readable memory: 0x726fc92f00030025 | 25 00 03 00 2f c9 6f 72
stack at sp + 4 slots: 0x0000000000001ae4 is an unknown value
stack at sp + 5 slots: 0x00007ffaf3659800 jvm.dll
stack at sp + 6 slots: 0x000001afb62a70f0 points into unknown readable memory: 0x00000000000004c6 | c6 04 00 00 00 00 00 00
stack at sp + 7 slots: 0x000000a3002fc070 is pointing into the stack for thread: 0x000001afb057b000


---------------  P R O C E S S  ---------------

Threads class SMR info:
_java_thread_list=0x000001afb21f6d70, length=79, elements={
0x000001af9318e000, 0x000001afacda4800, 0x000001afacda8000, 0x000001afad762800,
0x000001afacdc3000, 0x000001afacdc4800, 0x000001afacdc7000, 0x000001afacdcf000,
0x000001afacded800, 0x000001afad8bb800, 0x000001afaf742000, 0x000001afaf0e4000,
0x000001afae705800, 0x000001afaec33800, 0x000001afadf9b800, 0x000001afaf9ac800,
0x000001afadaf9800, 0x000001afb0059800, 0x000001afaf89c800, 0x000001afafb82000,
0x000001afafb83000, 0x000001afafb7f000, 0x000001afafb7f800, 0x000001afafb7e000,
0x000001afafb80800, 0x000001afafb81800, 0x000001afafb7d000, 0x000001afafb83800,
0x000001afb15ff000, 0x000001afb1600000, 0x000001afb1601800, 0x000001afb1602000,
0x000001afb15fd800, 0x000001afb15fc800, 0x000001afb1604800, 0x000001afb1604000,
0x000001afb1605800, 0x000001afb1600800, 0x000001afb1606800, 0x000001afb1608800,
0x000001afb1609800, 0x000001afb160a800, 0x000001afb1607000, 0x000001afb1608000,
0x000001afb160b000, 0x000001afafaa8000, 0x000001afafaa9000, 0x000001afafaaa000,
0x000001afafaab800, 0x000001afafaaa800, 0x000001afafaac000, 0x000001afafaa6800,
0x000001afafaad000, 0x000001afafaa7800, 0x000001afafaae800, 0x000001afafaaf800,
0x000001afafaae000, 0x000001afafab4800, 0x000001afafab0800, 0x000001afafab5000,
0x000001afafab2000, 0x000001afafab1000, 0x000001afafab3000, 0x000001afafab3800,
0x000001afae7df800, 0x000001afae7e6000, 0x000001afae7e2000, 0x000001afae7e3000,
0x000001afae7e3800, 0x000001afae7e0800, 0x000001afae7e4800, 0x000001afae7e5800,
0x000001afae7e7000, 0x000001afae7e1800, 0x000001afae7ea000, 0x000001afae7ec000,
0x000001afae7e9800, 0x000001afb057b000, 0x000001afae7e8800
}

Java Threads: ( => current thread )
  0x000001af9318e000 JavaThread "main" [_thread_blocked, id=10092, stack(0x000000a37d400000,0x000000a37d500000)]
  0x000001afacda4800 JavaThread "Reference Handler" daemon [_thread_blocked, id=6668, stack(0x000000a37db00000,0x000000a37dc00000)]
  0x000001afacda8000 JavaThread "Finalizer" daemon [_thread_blocked, id=10104, stack(0x000000a37dc00000,0x000000a37dd00000)]
  0x000001afad762800 JavaThread "Signal Dispatcher" daemon [_thread_blocked, id=4180, stack(0x000000a37dd00000,0x000000a37de00000)]
  0x000001afacdc3000 JavaThread "Attach Listener" daemon [_thread_blocked, id=9812, stack(0x000000a37de00000,0x000000a37df00000)]
  0x000001afacdc4800 JavaThread "Service Thread" daemon [_thread_blocked, id=10004, stack(0x000000a37df00000,0x000000a37e000000)]
  0x000001afacdc7000 JavaThread "C2 CompilerThread0" daemon [_thread_blocked, id=12128, stack(0x000000a37e000000,0x000000a37e100000)]
  0x000001afacdcf000 JavaThread "C1 CompilerThread0" daemon [_thread_blocked, id=9476, stack(0x000000a37e100000,0x000000a37e200000)]
  0x000001afacded800 JavaThread "Sweeper thread" daemon [_thread_blocked, id=8940, stack(0x000000a37e200000,0x000000a37e300000)]
  0x000001afad8bb800 JavaThread "Common-Cleaner" daemon [_thread_blocked, id=1664, stack(0x000000a37e300000,0x000000a37e400000)]
  0x000001afaf742000 JavaThread "Daemon health stats" [_thread_blocked, id=6508, stack(0x000000a37e800000,0x000000a37e900000)]
  0x000001afaf0e4000 JavaThread "Incoming local TCP Connector on port 53553" [_thread_in_native, id=10192, stack(0x000000a37e500000,0x000000a37e600000)]
  0x000001afae705800 JavaThread "Daemon periodic checks" [_thread_blocked, id=1444, stack(0x000000a37e900000,0x000000a37ea00000)]
  0x000001afaec33800 JavaThread "Daemon" [_thread_blocked, id=9516, stack(0x000000a37ea00000,0x000000a37eb00000)]
  0x000001afadf9b800 JavaThread "Handler for socket connection from /127.0.0.1:53553 to /127.0.0.1:53554" [_thread_in_native, id=4516, stack(0x000000a37eb00000,0x000000a37ec00000)]
  0x000001afaf9ac800 JavaThread "Cancel handler" [_thread_blocked, id=4832, stack(0x000000a37ec00000,0x000000a37ed00000)]
  0x000001afadaf9800 JavaThread "Daemon worker" [_thread_in_vm, id=5972, stack(0x000000a37ed00000,0x000000a37ee00000)]
  0x000001afb0059800 JavaThread "Asynchronous log dispatcher for DefaultDaemonConnection: socket connection from /127.0.0.1:53553 to /127.0.0.1:53554" [_thread_blocked, id=8716, stack(0x000000a37ee00000,0x000000a37ef00000)]
  0x000001afaf89c800 JavaThread "Stdin handler" [_thread_blocked, id=5228, stack(0x000000a37ef00000,0x000000a37f000000)]
  0x000001afafb82000 JavaThread "Daemon client event forwarder" [_thread_blocked, id=7452, stack(0x000000a37f000000,0x000000a37f100000)]
  0x000001afafb83000 JavaThread "Cache worker for journal cache (C:\Users\Plays\.gradle\caches\journal-1)" [_thread_blocked, id=6528, stack(0x000000a37f200000,0x000000a37f300000)]
  0x000001afafb7f000 JavaThread "File lock request listener" [_thread_in_native, id=11716, stack(0x000000a37f300000,0x000000a37f400000)]
  0x000001afafb7f800 JavaThread "Cache worker for file hash cache (C:\Users\Plays\.gradle\caches\7.3.3\fileHashes)" [_thread_blocked, id=9868, stack(0x000000a37f400000,0x000000a37f500000)]
  0x000001afafb7e000 JavaThread "Cache worker for file hash cache (C:\Users\Plays\OneDrive\Desktop\MiRollerA\.gradle\7.3.3\fileHashes)" [_thread_blocked, id=11984, stack(0x000000a37f600000,0x000000a37f700000)]
  0x000001afafb80800 JavaThread "File watcher server" daemon [_thread_in_native, id=3952, stack(0x000000a37f700000,0x000000a37f800000)]
  0x000001afafb81800 JavaThread "File watcher consumer" daemon [_thread_blocked, id=7576, stack(0x000000a37f800000,0x000000a37f900000)]
  0x000001afafb7d000 JavaThread "jar transforms" [_thread_blocked, id=3544, stack(0x000000a37f900000,0x000000a37fa00000)]
  0x000001afafb83800 JavaThread "jar transforms Thread 2" [_thread_blocked, id=4312, stack(0x000000a37fa00000,0x000000a37fb00000)]
  0x000001afb15ff000 JavaThread "jar transforms Thread 3" [_thread_blocked, id=3660, stack(0x000000a37fb00000,0x000000a37fc00000)]
  0x000001afb1600000 JavaThread "jar transforms Thread 4" [_thread_blocked, id=12056, stack(0x000000a37fc00000,0x000000a37fd00000)]
  0x000001afb1601800 JavaThread "Cache worker for checksums cache (C:\Users\Plays\OneDrive\Desktop\MiRollerA\.gradle\7.3.3\checksums)" [_thread_blocked, id=11988, stack(0x000000a37fd00000,0x000000a37fe00000)]
  0x000001afb1602000 JavaThread "Cache worker for cache directory md-supplier (C:\Users\Plays\.gradle\caches\7.3.3\md-supplier)" [_thread_blocked, id=11040, stack(0x000000a37fe00000,0x000000a37ff00000)]
  0x000001afb15fd800 JavaThread "Cache worker for cache directory md-rule (C:\Users\Plays\.gradle\caches\7.3.3\md-rule)" [_thread_blocked, id=1560, stack(0x000000a37ff00000,0x000000a380000000)]
  0x000001afb15fc800 JavaThread "Cache worker for execution history cache (C:\Users\Plays\.gradle\caches\7.3.3\executionHistory)" [_thread_blocked, id=2760, stack(0x000000a300000000,0x000000a300100000)]
  0x000001afb1604800 JavaThread "Cache worker for file content cache (C:\Users\Plays\.gradle\caches\7.3.3\fileContent)" [_thread_blocked, id=8776, stack(0x000000a300100000,0x000000a300200000)]
  0x000001afb1604000 JavaThread "Cache worker for dependencies-accessors (C:\Users\Plays\OneDrive\Desktop\MiRollerA\.gradle\7.3.3\dependencies-accessors)" [_thread_blocked, id=7864, stack(0x000000a300300000,0x000000a300400000)]
  0x000001afb1605800 JavaThread "Cache worker for Build Output Cleanup Cache (C:\Users\Plays\OneDrive\Desktop\MiRollerA\.gradle\buildOutputCleanup)" [_thread_blocked, id=4920, stack(0x000000a300400000,0x000000a300500000)]
  0x000001afb1600800 JavaThread "Unconstrained build operations" [_thread_blocked, id=3220, stack(0x000000a300500000,0x000000a300600000)]
  0x000001afb1606800 JavaThread "Unconstrained build operations Thread 2" [_thread_blocked, id=10300, stack(0x000000a300600000,0x000000a300700000)]
  0x000001afb1608800 JavaThread "Unconstrained build operations Thread 3" [_thread_blocked, id=11760, stack(0x000000a300700000,0x000000a300800000)]
  0x000001afb1609800 JavaThread "Unconstrained build operations Thread 4" [_thread_blocked, id=4840, stack(0x000000a300800000,0x000000a300900000)]
  0x000001afb160a800 JavaThread "Unconstrained build operations Thread 5" [_thread_blocked, id=9464, stack(0x000000a300900000,0x000000a300a00000)]
  0x000001afb1607000 JavaThread "Unconstrained build operations Thread 6" [_thread_blocked, id=4728, stack(0x000000a300a00000,0x000000a300b00000)]
  0x000001afb1608000 JavaThread "Unconstrained build operations Thread 7" [_thread_blocked, id=5504, stack(0x000000a300b00000,0x000000a300c00000)]
  0x000001afb160b000 JavaThread "Unconstrained build operations Thread 8" [_thread_blocked, id=1900, stack(0x000000a300c00000,0x000000a300d00000)]
  0x000001afafaa8000 JavaThread "Unconstrained build operations Thread 9" [_thread_blocked, id=6468, stack(0x000000a300d00000,0x000000a300e00000)]
  0x000001afafaa9000 JavaThread "Unconstrained build operations Thread 10" [_thread_blocked, id=6252, stack(0x000000a300e00000,0x000000a300f00000)]
  0x000001afafaaa000 JavaThread "Unconstrained build operations Thread 11" [_thread_blocked, id=10140, stack(0x000000a300f00000,0x000000a301000000)]
  0x000001afafaab800 JavaThread "Unconstrained build operations Thread 12" [_thread_blocked, id=9568, stack(0x000000a301000000,0x000000a301100000)]
  0x000001afafaaa800 JavaThread "Unconstrained build operations Thread 13" [_thread_blocked, id=10380, stack(0x000000a301100000,0x000000a301200000)]
  0x000001afafaac000 JavaThread "Unconstrained build operations Thread 14" [_thread_blocked, id=11788, stack(0x000000a301200000,0x000000a301300000)]
  0x000001afafaa6800 JavaThread "Unconstrained build operations Thread 15" [_thread_blocked, id=380, stack(0x000000a301300000,0x000000a301400000)]
  0x000001afafaad000 JavaThread "Unconstrained build operations Thread 16" [_thread_blocked, id=11016, stack(0x000000a301400000,0x000000a301500000)]
  0x000001afafaa7800 JavaThread "Unconstrained build operations Thread 17" [_thread_blocked, id=2636, stack(0x000000a301500000,0x000000a301600000)]
  0x000001afafaae800 JavaThread "Unconstrained build operations Thread 18" [_thread_blocked, id=5616, stack(0x000000a301600000,0x000000a301700000)]
  0x000001afafaaf800 JavaThread "Unconstrained build operations Thread 19" [_thread_blocked, id=9972, stack(0x000000a301700000,0x000000a301800000)]
  0x000001afafaae000 JavaThread "Unconstrained build operations Thread 20" [_thread_blocked, id=12008, stack(0x000000a301800000,0x000000a301900000)]
  0x000001afafab4800 JavaThread "Unconstrained build operations Thread 21" [_thread_blocked, id=4844, stack(0x000000a301900000,0x000000a301a00000)]
  0x000001afafab0800 JavaThread "Unconstrained build operations Thread 22" [_thread_blocked, id=11364, stack(0x000000a301a00000,0x000000a301b00000)]
  0x000001afafab5000 JavaThread "Unconstrained build operations Thread 23" [_thread_blocked, id=1808, stack(0x000000a301b00000,0x000000a301c00000)]
  0x000001afafab2000 JavaThread "Unconstrained build operations Thread 24" [_thread_blocked, id=4828, stack(0x000000a301c00000,0x000000a301d00000)]
  0x000001afafab1000 JavaThread "Unconstrained build operations Thread 25" [_thread_blocked, id=2032, stack(0x000000a301d00000,0x000000a301e00000)]
  0x000001afafab3000 JavaThread "Unconstrained build operations Thread 26" [_thread_blocked, id=9980, stack(0x000000a301e00000,0x000000a301f00000)]
  0x000001afafab3800 JavaThread "Unconstrained build operations Thread 27" [_thread_blocked, id=8460, stack(0x000000a301f00000,0x000000a302000000)]
  0x000001afae7df800 JavaThread "Unconstrained build operations Thread 28" [_thread_blocked, id=5872, stack(0x000000a302000000,0x000000a302100000)]
  0x000001afae7e6000 JavaThread "Unconstrained build operations Thread 29" [_thread_blocked, id=7600, stack(0x000000a302100000,0x000000a302200000)]
  0x000001afae7e2000 JavaThread "Unconstrained build operations Thread 30" [_thread_blocked, id=5940, stack(0x000000a302200000,0x000000a302300000)]
  0x000001afae7e3000 JavaThread "Unconstrained build operations Thread 31" [_thread_blocked, id=8040, stack(0x000000a302300000,0x000000a302400000)]
  0x000001afae7e3800 JavaThread "Unconstrained build operations Thread 32" [_thread_blocked, id=8424, stack(0x000000a302400000,0x000000a302500000)]
  0x000001afae7e0800 JavaThread "Unconstrained build operations Thread 33" [_thread_blocked, id=9308, stack(0x000000a302500000,0x000000a302600000)]
  0x000001afae7e4800 JavaThread "Unconstrained build operations Thread 34" [_thread_blocked, id=1996, stack(0x000000a302600000,0x000000a302700000)]
  0x000001afae7e5800 JavaThread "Unconstrained build operations Thread 35" [_thread_blocked, id=8904, stack(0x000000a302700000,0x000000a302800000)]
  0x000001afae7e7000 JavaThread "Unconstrained build operations Thread 36" [_thread_blocked, id=8352, stack(0x000000a302800000,0x000000a302900000)]
  0x000001afae7e1800 JavaThread "Unconstrained build operations Thread 37" [_thread_blocked, id=5928, stack(0x000000a302900000,0x000000a302a00000)]
  0x000001afae7ea000 JavaThread "Unconstrained build operations Thread 38" [_thread_blocked, id=9316, stack(0x000000a302a00000,0x000000a302b00000)]
  0x000001afae7ec000 JavaThread "Unconstrained build operations Thread 39" [_thread_blocked, id=1324, stack(0x000000a302b00000,0x000000a302c00000)]
  0x000001afae7e9800 JavaThread "Unconstrained build operations Thread 40" [_thread_blocked, id=11572, stack(0x000000a302c00000,0x000000a302d00000)]
=>0x000001afb057b000 JavaThread "C2 CompilerThread1" daemon [_thread_in_native, id=4536, stack(0x000000a300200000,0x000000a300300000)]
  0x000001afae7e8800 JavaThread "Memory manager" [_thread_blocked, id=9736, stack(0x000000a302d00000,0x000000a302e00000)]

Other Threads:
  0x000001afacd9f800 VMThread "VM Thread" [stack: 0x000000a37da00000,0x000000a37db00000] [id=8588]
  0x000001afad924800 WatcherThread [stack: 0x000000a37e400000,0x000000a37e500000] [id=9048]
  0x000001af931a6000 GCTaskThread "GC Thread#0" [stack: 0x000000a37d500000,0x000000a37d600000] [id=5672]
  0x000001afae347000 GCTaskThread "GC Thread#1" [stack: 0x000000a37e600000,0x000000a37e700000] [id=10828]
  0x000001afae3af800 GCTaskThread "GC Thread#2" [stack: 0x000000a37e700000,0x000000a37e800000] [id=1076]
  0x000001afafb8c800 GCTaskThread "GC Thread#3" [stack: 0x000000a37f100000,0x000000a37f200000] [id=2036]
  0x000001af931d7000 ConcurrentGCThread "G1 Main Marker" [stack: 0x000000a37d600000,0x000000a37d700000] [id=9888]
  0x000001af931d9000 ConcurrentGCThread "G1 Conc#0" [stack: 0x000000a37d700000,0x000000a37d800000] [id=9564]
  0x000001af93268000 ConcurrentGCThread "G1 Refine#0" [stack: 0x000000a37d800000,0x000000a37d900000] [id=11500]
  0x000001af9326a000 ConcurrentGCThread "G1 Young RemSet Sampling" [stack: 0x000000a37d900000,0x000000a37da00000] [id=5528]

Threads with active compile tasks:
C2 CompilerThread1  16068 7739   !   4       com.google.common.reflect.TypeVisitor::visit (244 bytes)

VM state:not at safepoint (normal execution)

VM Mutex/Monitor currently owned by a thread: None

Heap address: 0x0000000080000000, size: 2048 MB, Compressed Oops mode: 32-bit
Narrow klass base: 0x0000000000000000, Narrow klass shift: 3
Compressed class space size: 1073741824 Address: 0x0000000100000000

Heap:
 garbage-first heap   total 194560K, used 99024K [0x0000000080000000, 0x0000000100000000)
  region size 1024K, 22 young (22528K), 5 survivors (5120K)
 Metaspace       used 69883K, capacity 71834K, committed 71884K, reserved 1112064K
  class space    used 8942K, capacity 9641K, committed 9676K, reserved 1048576K
Heap Regions: E=young(eden), S=young(survivor), O=old, HS=humongous(starts), HC=humongous(continues), CS=collection set, F=free, A=archive, TAMS=top-at-mark-start (previous, next)
|   0|0x0000000080000000, 0x0000000080100000, 0x0000000080100000|100%| O|  |TAMS 0x0000000080100000, 0x0000000080000000| Untracked 
|   1|0x0000000080100000, 0x0000000080200000, 0x0000000080200000|100%| O|  |TAMS 0x0000000080200000, 0x0000000080100000| Untracked 
|   2|0x0000000080200000, 0x0000000080300000, 0x0000000080300000|100%| O|  |TAMS 0x0000000080300000, 0x0000000080200000| Untracked 
|   3|0x0000000080300000, 0x0000000080400000, 0x0000000080400000|100%|HS|  |TAMS 0x0000000080400000, 0x0000000080300000| Complete 
|   4|0x0000000080400000, 0x0000000080500000, 0x0000000080500000|100%|HC|  |TAMS 0x0000000080500000, 0x0000000080400000| Complete 
|   5|0x0000000080500000, 0x0000000080600000, 0x0000000080600000|100%|HC|  |TAMS 0x0000000080600000, 0x0000000080500000| Complete 
|   6|0x0000000080600000, 0x0000000080700000, 0x0000000080700000|100%| O|  |TAMS 0x0000000080700000, 0x0000000080600000| Untracked 
|   7|0x0000000080700000, 0x0000000080800000, 0x0000000080800000|100%| O|  |TAMS 0x0000000080800000, 0x0000000080700000| Untracked 
|   8|0x0000000080800000, 0x0000000080900000, 0x0000000080900000|100%| O|  |TAMS 0x0000000080900000, 0x0000000080800000| Untracked 
|   9|0x0000000080900000, 0x0000000080a00000, 0x0000000080a00000|100%| O|  |TAMS 0x0000000080a00000, 0x0000000080900000| Untracked 
|  10|0x0000000080a00000, 0x0000000080b00000, 0x0000000080b00000|100%| O|  |TAMS 0x0000000080b00000, 0x0000000080a00000| Untracked 
|  11|0x0000000080b00000, 0x0000000080c00000, 0x0000000080c00000|100%| O|  |TAMS 0x0000000080c00000, 0x0000000080b00000| Untracked 
|  12|0x0000000080c00000, 0x0000000080d00000, 0x0000000080d00000|100%| O|  |TAMS 0x0000000080d00000, 0x0000000080c00000| Untracked 
|  13|0x0000000080d00000, 0x0000000080e00000, 0x0000000080e00000|100%| O|  |TAMS 0x0000000080e00000, 0x0000000080d00000| Untracked 
|  14|0x0000000080e00000, 0x0000000080f00000, 0x0000000080f00000|100%| O|  |TAMS 0x0000000080f00000, 0x0000000080e00000| Untracked 
|  15|0x0000000080f00000, 0x0000000081000000, 0x0000000081000000|100%| O|  |TAMS 0x0000000081000000, 0x0000000080f00000| Untracked 
|  16|0x0000000081000000, 0x0000000081100000, 0x0000000081100000|100%|HS|  |TAMS 0x0000000081100000, 0x0000000081000000| Complete 
|  17|0x0000000081100000, 0x0000000081200000, 0x0000000081200000|100%|HC|  |TAMS 0x0000000081200000, 0x0000000081100000| Complete 
|  18|0x0000000081200000, 0x0000000081300000, 0x0000000081300000|100%|HS|  |TAMS 0x0000000081300000, 0x0000000081200000| Complete 
|  19|0x0000000081300000, 0x0000000081400000, 0x0000000081400000|100%|HC|  |TAMS 0x0000000081400000, 0x0000000081300000| Complete 
|  20|0x0000000081400000, 0x0000000081500000, 0x0000000081500000|100%|HC|  |TAMS 0x0000000081500000, 0x0000000081400000| Complete 
|  21|0x0000000081500000, 0x0000000081600000, 0x0000000081600000|100%|HS|  |TAMS 0x0000000081600000, 0x0000000081500000| Complete 
|  22|0x0000000081600000, 0x0000000081700000, 0x0000000081700000|100%|HS|  |TAMS 0x0000000081700000, 0x0000000081600000| Complete 
|  23|0x0000000081700000, 0x0000000081800000, 0x0000000081800000|100%|HC|  |TAMS 0x0000000081800000, 0x0000000081700000| Complete 
|  24|0x0000000081800000, 0x0000000081900000, 0x0000000081900000|100%|HC|  |TAMS 0x0000000081900000, 0x0000000081800000| Complete 
|  25|0x0000000081900000, 0x0000000081a00000, 0x0000000081a00000|100%|HC|  |TAMS 0x0000000081a00000, 0x0000000081900000| Complete 
|  26|0x0000000081a00000, 0x0000000081b00000, 0x0000000081b00000|100%| O|  |TAMS 0x0000000081b00000, 0x0000000081a00000| Untracked 
|  27|0x0000000081b00000, 0x0000000081c00000, 0x0000000081c00000|100%| O|  |TAMS 0x0000000081c00000, 0x0000000081b00000| Untracked 
|  28|0x0000000081c00000, 0x0000000081d00000, 0x0000000081d00000|100%| O|  |TAMS 0x0000000081d00000, 0x0000000081c00000| Untracked 
|  29|0x0000000081d00000, 0x0000000081e00000, 0x0000000081e00000|100%| O|  |TAMS 0x0000000081d00000, 0x0000000081d00000| Untracked 
|  30|0x0000000081e00000, 0x0000000081f00000, 0x0000000081f00000|100%| O|  |TAMS 0x0000000081e00000, 0x0000000081e00000| Untracked 
|  31|0x0000000081f00000, 0x0000000082000000, 0x0000000082000000|100%| O|  |TAMS 0x0000000081f00000, 0x0000000081f00000| Untracked 
|  32|0x0000000082000000, 0x0000000082100000, 0x0000000082100000|100%| O|  |TAMS 0x0000000082100000, 0x0000000082000000| Untracked 
|  33|0x0000000082100000, 0x0000000082200000, 0x0000000082200000|100%| O|  |TAMS 0x0000000082200000, 0x0000000082100000| Untracked 
|  34|0x0000000082200000, 0x0000000082300000, 0x0000000082300000|100%| O|  |TAMS 0x0000000082300000, 0x0000000082200000| Untracked 
|  35|0x0000000082300000, 0x0000000082400000, 0x0000000082400000|100%| O|  |TAMS 0x0000000082400000, 0x0000000082300000| Untracked 
|  36|0x0000000082400000, 0x0000000082500000, 0x0000000082500000|100%| O|  |TAMS 0x0000000082500000, 0x0000000082400000| Untracked 
|  37|0x0000000082500000, 0x0000000082600000, 0x0000000082600000|100%| O|  |TAMS 0x0000000082534a00, 0x0000000082500000| Untracked 
|  38|0x0000000082600000, 0x0000000082700000, 0x0000000082700000|100%| O|  |TAMS 0x0000000082600000, 0x0000000082600000| Untracked 
|  39|0x0000000082700000, 0x0000000082800000, 0x0000000082800000|100%| O|  |TAMS 0x0000000082700000, 0x0000000082700000| Untracked 
|  40|0x0000000082800000, 0x0000000082900000, 0x0000000082900000|100%| O|  |TAMS 0x0000000082800000, 0x0000000082800000| Untracked 
|  41|0x0000000082900000, 0x0000000082a00000, 0x0000000082a00000|100%|HS|  |TAMS 0x0000000082900000, 0x0000000082900000| Complete 
|  42|0x0000000082a00000, 0x0000000082b00000, 0x0000000082b00000|100%|HS|  |TAMS 0x0000000082a00000, 0x0000000082a00000| Complete 
|  43|0x0000000082b00000, 0x0000000082c00000, 0x0000000082c00000|100%|HC|  |TAMS 0x0000000082b00000, 0x0000000082b00000| Complete 
|  44|0x0000000082c00000, 0x0000000082d00000, 0x0000000082d00000|100%|HC|  |TAMS 0x0000000082c00000, 0x0000000082c00000| Complete 
|  45|0x0000000082d00000, 0x0000000082e00000, 0x0000000082e00000|100%|HS|  |TAMS 0x0000000082d00000, 0x0000000082d00000| Complete 
|  46|0x0000000082e00000, 0x0000000082f00000, 0x0000000082f00000|100%|HC|  |TAMS 0x0000000082e00000, 0x0000000082e00000| Complete 
|  47|0x0000000082f00000, 0x0000000083000000, 0x0000000083000000|100%|HC|  |TAMS 0x0000000082f00000, 0x0000000082f00000| Complete 
|  48|0x0000000083000000, 0x0000000083100000, 0x0000000083100000|100%|HC|  |TAMS 0x0000000083000000, 0x0000000083000000| Complete 
|  49|0x0000000083100000, 0x0000000083200000, 0x0000000083200000|100%|HS|  |TAMS 0x0000000083100000, 0x0000000083100000| Complete 
|  50|0x0000000083200000, 0x0000000083300000, 0x0000000083300000|100%|HS|  |TAMS 0x0000000083200000, 0x0000000083200000| Complete 
|  51|0x0000000083300000, 0x0000000083400000, 0x0000000083400000|100%|HS|  |TAMS 0x0000000083300000, 0x0000000083300000| Complete 
|  52|0x0000000083400000, 0x0000000083500000, 0x0000000083500000|100%|HS|  |TAMS 0x0000000083400000, 0x0000000083400000| Complete 
|  53|0x0000000083500000, 0x0000000083600000, 0x0000000083600000|100%|HC|  |TAMS 0x0000000083500000, 0x0000000083500000| Complete 
|  54|0x0000000083600000, 0x0000000083700000, 0x0000000083700000|100%|HC|  |TAMS 0x0000000083600000, 0x0000000083600000| Complete 
|  55|0x0000000083700000, 0x0000000083800000, 0x0000000083800000|100%|HS|  |TAMS 0x0000000083700000, 0x0000000083700000| Complete 
|  56|0x0000000083800000, 0x0000000083900000, 0x0000000083900000|100%|HC|  |TAMS 0x0000000083800000, 0x0000000083800000| Complete 
|  57|0x0000000083900000, 0x0000000083a00000, 0x0000000083a00000|100%| O|  |TAMS 0x0000000083900000, 0x0000000083900000| Untracked 
|  58|0x0000000083a00000, 0x0000000083b00000, 0x0000000083b00000|100%| O|  |TAMS 0x0000000083a00000, 0x0000000083a00000| Untracked 
|  59|0x0000000083b00000, 0x0000000083c00000, 0x0000000083c00000|100%| O|  |TAMS 0x0000000083b00000, 0x0000000083b00000| Untracked 
|  60|0x0000000083c00000, 0x0000000083d00000, 0x0000000083d00000|100%| O|  |TAMS 0x0000000083c00000, 0x0000000083c00000| Untracked 
|  61|0x0000000083d00000, 0x0000000083e00000, 0x0000000083e00000|100%| O|  |TAMS 0x0000000083d00000, 0x0000000083d00000| Untracked 
|  62|0x0000000083e00000, 0x0000000083f00000, 0x0000000083f00000|100%| O|  |TAMS 0x0000000083e00000, 0x0000000083e00000| Untracked 
|  63|0x0000000083f00000, 0x0000000084000000, 0x0000000084000000|100%| O|  |TAMS 0x0000000083f00000, 0x0000000083f00000| Untracked 
|  64|0x0000000084000000, 0x0000000084100000, 0x0000000084100000|100%| O|  |TAMS 0x0000000084000000, 0x0000000084000000| Untracked 
|  65|0x0000000084100000, 0x0000000084200000, 0x0000000084200000|100%| O|  |TAMS 0x0000000084100000, 0x0000000084100000| Untracked 
|  66|0x0000000084200000, 0x0000000084300000, 0x0000000084300000|100%| O|  |TAMS 0x0000000084200000, 0x0000000084200000| Untracked 
|  67|0x0000000084300000, 0x0000000084400000, 0x0000000084400000|100%| O|  |TAMS 0x0000000084300000, 0x0000000084300000| Untracked 
|  68|0x0000000084400000, 0x0000000084400000, 0x0000000084500000|  0%| F|  |TAMS 0x0000000084400000, 0x0000000084400000| Untracked 
|  69|0x0000000084500000, 0x0000000084500000, 0x0000000084600000|  0%| F|  |TAMS 0x0000000084500000, 0x0000000084500000| Untracked 
|  70|0x0000000084600000, 0x0000000084600000, 0x0000000084700000|  0%| F|  |TAMS 0x0000000084600000, 0x0000000084600000| Untracked 
|  71|0x0000000084700000, 0x0000000084700000, 0x0000000084800000|  0%| F|  |TAMS 0x0000000084700000, 0x0000000084700000| Untracked 
|  72|0x0000000084800000, 0x0000000084800000, 0x0000000084900000|  0%| F|  |TAMS 0x0000000084800000, 0x0000000084800000| Untracked 
|  73|0x0000000084900000, 0x0000000084900000, 0x0000000084a00000|  0%| F|  |TAMS 0x0000000084900000, 0x0000000084900000| Untracked 
|  74|0x0000000084a00000, 0x0000000084a00000, 0x0000000084b00000|  0%| F|  |TAMS 0x0000000084a00000, 0x0000000084a00000| Untracked 
|  75|0x0000000084b00000, 0x0000000084c00000, 0x0000000084c00000|100%| O|  |TAMS 0x0000000084b00000, 0x0000000084b00000| Untracked 
|  76|0x0000000084c00000, 0x0000000084d00000, 0x0000000084d00000|100%| O|  |TAMS 0x0000000084c00000, 0x0000000084c00000| Untracked 
|  77|0x0000000084d00000, 0x0000000084e00000, 0x0000000084e00000|100%| O|  |TAMS 0x0000000084d00000, 0x0000000084d00000| Untracked 
|  78|0x0000000084e00000, 0x0000000084f00000, 0x0000000084f00000|100%| O|  |TAMS 0x0000000084e00000, 0x0000000084e00000| Untracked 
|  79|0x0000000084f00000, 0x0000000084f00000, 0x0000000085000000|  0%| F|  |TAMS 0x0000000084f00000, 0x0000000084f00000| Untracked 
|  80|0x0000000085000000, 0x0000000085000000, 0x0000000085100000|  0%| F|  |TAMS 0x0000000085000000, 0x0000000085000000| Untracked 
|  81|0x0000000085100000, 0x0000000085100000, 0x0000000085200000|  0%| F|  |TAMS 0x0000000085100000, 0x0000000085100000| Untracked 
|  82|0x0000000085200000, 0x0000000085300000, 0x0000000085300000|100%| O|  |TAMS 0x0000000085200000, 0x0000000085200000| Untracked 
|  83|0x0000000085300000, 0x0000000085400000, 0x0000000085400000|100%| O|  |TAMS 0x0000000085300000, 0x0000000085300000| Untracked 
|  84|0x0000000085400000, 0x0000000085500000, 0x0000000085500000|100%| O|  |TAMS 0x0000000085400000, 0x0000000085400000| Untracked 
|  85|0x0000000085500000, 0x0000000085600000, 0x0000000085600000|100%| O|  |TAMS 0x0000000085500000, 0x0000000085500000| Untracked 
|  86|0x0000000085600000, 0x0000000085600000, 0x0000000085700000|  0%| F|  |TAMS 0x0000000085600000, 0x0000000085600000| Untracked 
|  87|0x0000000085700000, 0x0000000085700000, 0x0000000085800000|  0%| F|  |TAMS 0x0000000085700000, 0x0000000085700000| Untracked 
|  88|0x0000000085800000, 0x0000000085800000, 0x0000000085900000|  0%| F|  |TAMS 0x0000000085800000, 0x0000000085800000| Untracked 
|  89|0x0000000085900000, 0x0000000085900000, 0x0000000085a00000|  0%| F|  |TAMS 0x0000000085900000, 0x0000000085900000| Untracked 
|  90|0x0000000085a00000, 0x0000000085b00000, 0x0000000085b00000|100%| O|  |TAMS 0x0000000085a00000, 0x0000000085a00000| Untracked 
|  91|0x0000000085b00000, 0x0000000085b34000, 0x0000000085c00000| 20%| O|  |TAMS 0x0000000085b00000, 0x0000000085b00000| Untracked 
|  92|0x0000000085c00000, 0x0000000085c00000, 0x0000000085d00000|  0%| F|  |TAMS 0x0000000085c00000, 0x0000000085c00000| Untracked 
|  93|0x0000000085d00000, 0x0000000085d00000, 0x0000000085e00000|  0%| F|  |TAMS 0x0000000085d00000, 0x0000000085d00000| Untracked 
|  94|0x0000000085e00000, 0x0000000085e00000, 0x0000000085f00000|  0%| F|  |TAMS 0x0000000085e00000, 0x0000000085e00000| Untracked 
|  95|0x0000000085f00000, 0x0000000085f00000, 0x0000000086000000|  0%| F|  |TAMS 0x0000000085f00000, 0x0000000085f00000| Untracked 
|  96|0x0000000086000000, 0x0000000086000000, 0x0000000086100000|  0%| F|  |TAMS 0x0000000086000000, 0x0000000086000000| Untracked 
|  97|0x0000000086100000, 0x0000000086100000, 0x0000000086200000|  0%| F|  |TAMS 0x0000000086100000, 0x0000000086100000| Untracked 
|  98|0x0000000086200000, 0x0000000086200000, 0x0000000086300000|  0%| F|  |TAMS 0x0000000086200000, 0x0000000086200000| Untracked 
|  99|0x0000000086300000, 0x0000000086300000, 0x0000000086400000|  0%| F|  |TAMS 0x0000000086300000, 0x0000000086300000| Untracked 
| 100|0x0000000086400000, 0x0000000086400000, 0x0000000086500000|  0%| F|  |TAMS 0x0000000086400000, 0x0000000086400000| Untracked 
| 101|0x0000000086500000, 0x0000000086500000, 0x0000000086600000|  0%| F|  |TAMS 0x0000000086500000, 0x0000000086500000| Untracked 
| 102|0x0000000086600000, 0x0000000086600000, 0x0000000086700000|  0%| F|  |TAMS 0x0000000086600000, 0x0000000086600000| Untracked 
| 103|0x0000000086700000, 0x0000000086700000, 0x0000000086800000|  0%| F|  |TAMS 0x0000000086700000, 0x0000000086700000| Untracked 
| 104|0x0000000086800000, 0x0000000086800000, 0x0000000086900000|  0%| F|  |TAMS 0x0000000086800000, 0x0000000086800000| Untracked 
| 105|0x0000000086900000, 0x0000000086900000, 0x0000000086a00000|  0%| F|  |TAMS 0x0000000086900000, 0x0000000086900000| Untracked 
| 106|0x0000000086a00000, 0x0000000086a00000, 0x0000000086b00000|  0%| F|  |TAMS 0x0000000086a00000, 0x0000000086a00000| Untracked 
| 107|0x0000000086b00000, 0x0000000086b00000, 0x0000000086c00000|  0%| F|  |TAMS 0x0000000086b00000, 0x0000000086b00000| Untracked 
| 108|0x0000000086c00000, 0x0000000086c00000, 0x0000000086d00000|  0%| F|  |TAMS 0x0000000086c00000, 0x0000000086c00000| Untracked 
| 109|0x0000000086d00000, 0x0000000086d00000, 0x0000000086e00000|  0%| F|  |TAMS 0x0000000086d00000, 0x0000000086d00000| Untracked 
| 110|0x0000000086e00000, 0x0000000086e00000, 0x0000000086f00000|  0%| F|  |TAMS 0x0000000086e00000, 0x0000000086e00000| Untracked 
| 111|0x0000000086f00000, 0x0000000086f80000, 0x0000000087000000| 50%| S|CS|TAMS 0x0000000086f00000, 0x0000000086f00000| Complete 
| 112|0x0000000087000000, 0x0000000087100000, 0x0000000087100000|100%| S|CS|TAMS 0x0000000087000000, 0x0000000087000000| Complete 
| 113|0x0000000087100000, 0x0000000087200000, 0x0000000087200000|100%| S|CS|TAMS 0x0000000087100000, 0x0000000087100000| Complete 
| 114|0x0000000087200000, 0x0000000087300000, 0x0000000087300000|100%| S|CS|TAMS 0x0000000087200000, 0x0000000087200000| Complete 
| 115|0x0000000087300000, 0x0000000087400000, 0x0000000087400000|100%| S|CS|TAMS 0x0000000087300000, 0x0000000087300000| Complete 
| 116|0x0000000087400000, 0x0000000087400000, 0x0000000087500000|  0%| F|  |TAMS 0x0000000087400000, 0x0000000087400000| Untracked 
| 117|0x0000000087500000, 0x0000000087500000, 0x0000000087600000|  0%| F|  |TAMS 0x0000000087500000, 0x0000000087500000| Untracked 
| 118|0x0000000087600000, 0x0000000087600000, 0x0000000087700000|  0%| F|  |TAMS 0x0000000087600000, 0x0000000087600000| Untracked 
| 119|0x0000000087700000, 0x0000000087700000, 0x0000000087800000|  0%| F|  |TAMS 0x0000000087700000, 0x0000000087700000| Untracked 
| 120|0x0000000087800000, 0x0000000087800000, 0x0000000087900000|  0%| F|  |TAMS 0x0000000087800000, 0x0000000087800000| Untracked 
| 121|0x0000000087900000, 0x0000000087900000, 0x0000000087a00000|  0%| F|  |TAMS 0x0000000087900000, 0x0000000087900000| Untracked 
| 122|0x0000000087a00000, 0x0000000087a00000, 0x0000000087b00000|  0%| F|  |TAMS 0x0000000087a00000, 0x0000000087a00000| Untracked 
| 123|0x0000000087b00000, 0x0000000087b00000, 0x0000000087c00000|  0%| F|  |TAMS 0x0000000087b00000, 0x0000000087b00000| Untracked 
| 124|0x0000000087c00000, 0x0000000087c00000, 0x0000000087d00000|  0%| F|  |TAMS 0x0000000087c00000, 0x0000000087c00000| Untracked 
| 125|0x0000000087d00000, 0x0000000087d00000, 0x0000000087e00000|  0%| F|  |TAMS 0x0000000087d00000, 0x0000000087d00000| Untracked 
| 126|0x0000000087e00000, 0x0000000087e00000, 0x0000000087f00000|  0%| F|  |TAMS 0x0000000087e00000, 0x0000000087e00000| Untracked 
| 127|0x0000000087f00000, 0x0000000087f00000, 0x0000000088000000|  0%| F|  |TAMS 0x0000000087f00000, 0x0000000087f00000| Untracked 
| 128|0x0000000088000000, 0x0000000088000000, 0x0000000088100000|  0%| F|  |TAMS 0x0000000088000000, 0x0000000088000000| Untracked 
| 129|0x0000000088100000, 0x0000000088100000, 0x0000000088200000|  0%| F|  |TAMS 0x0000000088100000, 0x0000000088100000| Untracked 
| 130|0x0000000088200000, 0x0000000088200000, 0x0000000088300000|  0%| F|  |TAMS 0x0000000088200000, 0x0000000088200000| Untracked 
| 131|0x0000000088300000, 0x0000000088300000, 0x0000000088400000|  0%| F|  |TAMS 0x0000000088300000, 0x0000000088300000| Untracked 
| 132|0x0000000088400000, 0x0000000088400000, 0x0000000088500000|  0%| F|  |TAMS 0x0000000088400000, 0x0000000088400000| Untracked 
| 133|0x0000000088500000, 0x0000000088500000, 0x0000000088600000|  0%| F|  |TAMS 0x0000000088500000, 0x0000000088500000| Untracked 
| 134|0x0000000088600000, 0x0000000088600000, 0x0000000088700000|  0%| F|  |TAMS 0x0000000088600000, 0x0000000088600000| Untracked 
| 135|0x0000000088700000, 0x0000000088700000, 0x0000000088800000|  0%| F|  |TAMS 0x0000000088700000, 0x0000000088700000| Untracked 
| 136|0x0000000088800000, 0x0000000088800000, 0x0000000088900000|  0%| F|  |TAMS 0x0000000088800000, 0x0000000088800000| Untracked 
| 137|0x0000000088900000, 0x0000000088900000, 0x0000000088a00000|  0%| F|  |TAMS 0x0000000088900000, 0x0000000088900000| Untracked 
| 138|0x0000000088a00000, 0x0000000088a00000, 0x0000000088b00000|  0%| F|  |TAMS 0x0000000088a00000, 0x0000000088a00000| Untracked 
| 139|0x0000000088b00000, 0x0000000088b00000, 0x0000000088c00000|  0%| F|  |TAMS 0x0000000088b00000, 0x0000000088b00000| Untracked 
| 140|0x0000000088c00000, 0x0000000088c00000, 0x0000000088d00000|  0%| F|  |TAMS 0x0000000088c00000, 0x0000000088c00000| Untracked 
| 141|0x0000000088d00000, 0x0000000088d00000, 0x0000000088e00000|  0%| F|  |TAMS 0x0000000088d00000, 0x0000000088d00000| Untracked 
| 142|0x0000000088e00000, 0x0000000088e00000, 0x0000000088f00000|  0%| F|  |TAMS 0x0000000088e00000, 0x0000000088e00000| Untracked 
| 143|0x0000000088f00000, 0x0000000088f00000, 0x0000000089000000|  0%| F|  |TAMS 0x0000000088f00000, 0x0000000088f00000| Untracked 
| 144|0x0000000089000000, 0x0000000089000000, 0x0000000089100000|  0%| F|  |TAMS 0x0000000089000000, 0x0000000089000000| Untracked 
| 145|0x0000000089100000, 0x0000000089100000, 0x0000000089200000|  0%| F|  |TAMS 0x0000000089100000, 0x0000000089100000| Untracked 
| 146|0x0000000089200000, 0x0000000089200000, 0x0000000089300000|  0%| F|  |TAMS 0x0000000089200000, 0x0000000089200000| Untracked 
| 147|0x0000000089300000, 0x0000000089300000, 0x0000000089400000|  0%| F|  |TAMS 0x0000000089300000, 0x0000000089300000| Untracked 
| 148|0x0000000089400000, 0x0000000089400000, 0x0000000089500000|  0%| F|  |TAMS 0x0000000089400000, 0x0000000089400000| Untracked 
| 149|0x0000000089500000, 0x0000000089500000, 0x0000000089600000|  0%| F|  |TAMS 0x0000000089500000, 0x0000000089500000| Untracked 
| 150|0x0000000089600000, 0x0000000089600000, 0x0000000089700000|  0%| F|  |TAMS 0x0000000089600000, 0x0000000089600000| Untracked 
| 151|0x0000000089700000, 0x0000000089700000, 0x0000000089800000|  0%| F|  |TAMS 0x0000000089700000, 0x0000000089700000| Untracked 
| 152|0x0000000089800000, 0x0000000089800000, 0x0000000089900000|  0%| F|  |TAMS 0x0000000089800000, 0x0000000089800000| Untracked 
| 153|0x0000000089900000, 0x0000000089900000, 0x0000000089a00000|  0%| F|  |TAMS 0x0000000089900000, 0x0000000089900000| Untracked 
| 154|0x0000000089a00000, 0x0000000089a00000, 0x0000000089b00000|  0%| F|  |TAMS 0x0000000089a00000, 0x0000000089a00000| Untracked 
| 155|0x0000000089b00000, 0x0000000089b00000, 0x0000000089c00000|  0%| F|  |TAMS 0x0000000089b00000, 0x0000000089b00000| Untracked 
| 156|0x0000000089c00000, 0x0000000089c00000, 0x0000000089d00000|  0%| F|  |TAMS 0x0000000089c00000, 0x0000000089c00000| Untracked 
| 157|0x0000000089d00000, 0x0000000089d00000, 0x0000000089e00000|  0%| F|  |TAMS 0x0000000089d00000, 0x0000000089d00000| Untracked 
| 158|0x0000000089e00000, 0x0000000089e00000, 0x0000000089f00000|  0%| F|  |TAMS 0x0000000089e00000, 0x0000000089e00000| Untracked 
| 159|0x0000000089f00000, 0x0000000089f00000, 0x000000008a000000|  0%| F|  |TAMS 0x0000000089f00000, 0x0000000089f00000| Untracked 
| 160|0x000000008a000000, 0x000000008a000000, 0x000000008a100000|  0%| F|  |TAMS 0x000000008a000000, 0x000000008a000000| Untracked 
| 161|0x000000008a100000, 0x000000008a100000, 0x000000008a200000|  0%| F|  |TAMS 0x000000008a100000, 0x000000008a100000| Untracked 
| 162|0x000000008a200000, 0x000000008a200000, 0x000000008a300000|  0%| F|  |TAMS 0x000000008a200000, 0x000000008a200000| Untracked 
| 163|0x000000008a300000, 0x000000008a300000, 0x000000008a400000|  0%| F|  |TAMS 0x000000008a300000, 0x000000008a300000| Untracked 
| 164|0x000000008a400000, 0x000000008a400000, 0x000000008a500000|  0%| F|  |TAMS 0x000000008a400000, 0x000000008a400000| Untracked 
| 165|0x000000008a500000, 0x000000008a500000, 0x000000008a600000|  0%| F|  |TAMS 0x000000008a500000, 0x000000008a500000| Untracked 
| 166|0x000000008a600000, 0x000000008a600000, 0x000000008a700000|  0%| F|  |TAMS 0x000000008a600000, 0x000000008a600000| Untracked 
| 167|0x000000008a700000, 0x000000008a700000, 0x000000008a800000|  0%| F|  |TAMS 0x000000008a700000, 0x000000008a700000| Untracked 
| 168|0x000000008a800000, 0x000000008a800000, 0x000000008a900000|  0%| F|  |TAMS 0x000000008a800000, 0x000000008a800000| Untracked 
| 169|0x000000008a900000, 0x000000008a900000, 0x000000008aa00000|  0%| F|  |TAMS 0x000000008a900000, 0x000000008a900000| Untracked 
| 170|0x000000008aa00000, 0x000000008aa00000, 0x000000008ab00000|  0%| F|  |TAMS 0x000000008aa00000, 0x000000008aa00000| Untracked 
| 171|0x000000008ab00000, 0x000000008ab00000, 0x000000008ac00000|  0%| F|  |TAMS 0x000000008ab00000, 0x000000008ab00000| Untracked 
| 172|0x000000008ac00000, 0x000000008ac00000, 0x000000008ad00000|  0%| F|  |TAMS 0x000000008ac00000, 0x000000008ac00000| Untracked 
| 173|0x000000008ad00000, 0x000000008ae00000, 0x000000008ae00000|100%| E|  |TAMS 0x000000008ad00000, 0x000000008ad00000| Complete 
| 174|0x000000008ae00000, 0x000000008af00000, 0x000000008af00000|100%| E|CS|TAMS 0x000000008ae00000, 0x000000008ae00000| Complete 
| 175|0x000000008af00000, 0x000000008b000000, 0x000000008b000000|100%| E|CS|TAMS 0x000000008af00000, 0x000000008af00000| Complete 
| 176|0x000000008b000000, 0x000000008b100000, 0x000000008b100000|100%| E|CS|TAMS 0x000000008b000000, 0x000000008b000000| Complete 
| 177|0x000000008b100000, 0x000000008b200000, 0x000000008b200000|100%| E|CS|TAMS 0x000000008b100000, 0x000000008b100000| Complete 
| 178|0x000000008b200000, 0x000000008b300000, 0x000000008b300000|100%| E|CS|TAMS 0x000000008b200000, 0x000000008b200000| Complete 
| 179|0x000000008b300000, 0x000000008b400000, 0x000000008b400000|100%| E|CS|TAMS 0x000000008b300000, 0x000000008b300000| Complete 
| 180|0x000000008b400000, 0x000000008b500000, 0x000000008b500000|100%| E|CS|TAMS 0x000000008b400000, 0x000000008b400000| Complete 
| 181|0x000000008b500000, 0x000000008b600000, 0x000000008b600000|100%| E|CS|TAMS 0x000000008b500000, 0x000000008b500000| Complete 
| 182|0x000000008b600000, 0x000000008b700000, 0x000000008b700000|100%| E|  |TAMS 0x000000008b600000, 0x000000008b600000| Complete 
| 183|0x000000008b700000, 0x000000008b800000, 0x000000008b800000|100%| E|CS|TAMS 0x000000008b700000, 0x000000008b700000| Complete 
| 184|0x000000008b800000, 0x000000008b900000, 0x000000008b900000|100%| E|CS|TAMS 0x000000008b800000, 0x000000008b800000| Complete 
| 185|0x000000008b900000, 0x000000008ba00000, 0x000000008ba00000|100%| E|CS|TAMS 0x000000008b900000, 0x000000008b900000| Complete 
| 186|0x000000008ba00000, 0x000000008bb00000, 0x000000008bb00000|100%| E|CS|TAMS 0x000000008ba00000, 0x000000008ba00000| Complete 
| 187|0x000000008bb00000, 0x000000008bc00000, 0x000000008bc00000|100%| E|CS|TAMS 0x000000008bb00000, 0x000000008bb00000| Complete 
| 188|0x000000008bc00000, 0x000000008bd00000, 0x000000008bd00000|100%| E|CS|TAMS 0x000000008bc00000, 0x000000008bc00000| Complete 
| 189|0x000000008bd00000, 0x000000008be00000, 0x000000008be00000|100%| E|CS|TAMS 0x000000008bd00000, 0x000000008bd00000| Complete 

Card table byte_map: [0x000001afa60a0000,0x000001afa64a0000] _byte_map_base: 0x000001afa5ca0000

Marking Bits (Prev, Next): (CMBitMap*) 0x000001af931ce110, (CMBitMap*) 0x000001af931ce0d8
 Prev Bits: [0x000001afa88a0000, 0x000001afaa8a0000)
 Next Bits: [0x000001afa68a0000, 0x000001afa88a0000)

Polling page: 0x000001af910f0000

Metaspace:

Usage:
  Non-class:     60.80 MB capacity,    59.57 MB ( 98%) used,     1.04 MB (  2%) free+waste,   191.50 KB ( <1%) overhead. 
      Class:      9.42 MB capacity,     8.74 MB ( 93%) used,   603.85 KB (  6%) free+waste,    90.75 KB ( <1%) overhead. 
       Both:     70.21 MB capacity,    68.31 MB ( 97%) used,     1.63 MB (  2%) free+waste,   282.25 KB ( <1%) overhead. 

Virtual space:
  Non-class space:       62.00 MB reserved,      61.00 MB ( 98%) committed 
      Class space:        1.00 GB reserved,       9.45 MB ( <1%) committed 
             Both:        1.06 GB reserved,      70.45 MB (  6%) committed 

Chunk freelists:
   Non-Class:  15.00 KB
       Class:  23.00 KB
        Both:  38.00 KB

MaxMetaspaceSize: 17179869184.00 GB
CompressedClassSpaceSize: 1.00 GB
Initial GC threshold: 20.80 MB
Current GC threshold: 72.00 MB
CDS: off

CodeHeap 'non-profiled nmethods': size=120064Kb used=4584Kb max_used=4584Kb free=115479Kb
 bounds [0x000001af9e760000, 0x000001af9ebe0000, 0x000001afa5ca0000]
CodeHeap 'profiled nmethods': size=120000Kb used=16513Kb max_used=16513Kb free=103487Kb
 bounds [0x000001af97230000, 0x000001af98260000, 0x000001af9e760000]
CodeHeap 'non-nmethods': size=5696Kb used=2355Kb max_used=2408Kb free=3340Kb
 bounds [0x000001af96ca0000, 0x000001af96f10000, 0x000001af97230000]
 total_blobs=8746 nmethods=7880 adapters=778
 compilation: enabled
              stopped_count=0, restarted_count=0
 full_count=0

Compilation events (20 events):
Event: 15.987 Thread 0x000001afacdcf000 7951       3       org.gradle.internal.instantiation.generator.DefaultInstantiationScheme::withServices (25 bytes)
Event: 15.988 Thread 0x000001afacdcf000 nmethod 7951 0x000001af98246b90 code [0x000001af98246d40, 0x000001af98246ee8]
Event: 15.988 Thread 0x000001afacdcf000 7952       3       org.gradle.internal.snapshot.impl.IsolatedArray::<init> (11 bytes)
Event: 15.988 Thread 0x000001afacdcf000 nmethod 7952 0x000001af98246f90 code [0x000001af98247160, 0x000001af982473d8]
Event: 15.988 Thread 0x000001afacdcf000 7954       3       org.gradle.api.internal.provider.AbstractProperty::setSupplier (20 bytes)
Event: 15.988 Thread 0x000001afacdcf000 nmethod 7954 0x000001af98247510 code [0x000001af98247700, 0x000001af98247cf8]
Event: 15.988 Thread 0x000001afacdcf000 7955       3       org.gradle.api.internal.provider.AbstractProperty$NonFinalizedValue::explicitValue (7 bytes)
Event: 15.988 Thread 0x000001afacdcf000 nmethod 7955 0x000001af98247e90 code [0x000001af98248040, 0x000001af98248138]
Event: 15.988 Thread 0x000001afacdcf000 7956       3       java.lang.Class::isMemberClass (20 bytes)
Event: 15.989 Thread 0x000001afacdcf000 nmethod 7956 0x000001af98248210 code [0x000001af98248400, 0x000001af98248728]
Event: 15.989 Thread 0x000001afacdcf000 7953       3       org.gradle.internal.snapshot.impl.DefaultValueSnapshotter$IsolatableVisitor::array (7 bytes)
Event: 15.989 Thread 0x000001afacdcf000 nmethod 7953 0x000001af98248890 code [0x000001af98248a60, 0x000001af98248df8]
Event: 15.994 Thread 0x000001afacdcf000 7957       3       org.gradle.internal.instantiation.generator.DefaultInstantiatorFactory::decorateLenient (8 bytes)
Event: 15.995 Thread 0x000001afacdcf000 nmethod 7957 0x000001af98248f90 code [0x000001af98249140, 0x000001af98249278]
Event: 15.997 Thread 0x000001afacdc7000 nmethod 7923 0x000001af9ebd8e10 code [0x000001af9ebd8fc0, 0x000001af9ebd9778]
Event: 15.997 Thread 0x000001afacdc7000 7895       4       java.math.BigInteger::implMulAdd (81 bytes)
Event: 16.000 Thread 0x000001afacdcf000 7958       3       java.util.LinkedHashMap::get (33 bytes)
Event: 16.000 Thread 0x000001afacdcf000 nmethod 7958 0x000001af98249310 code [0x000001af98249500, 0x000001af98249928]
Event: 16.002 Thread 0x000001afacdc7000 nmethod 7895 0x000001af9ebd9a10 code [0x000001af9ebd9ba0, 0x000001af9ebd9df8]
Event: 16.002 Thread 0x000001afacdc7000 7894       4       java.math.BigInteger::mulAdd (19 bytes)

GC Heap History (20 events):
Event: 3.826 GC heap before
{Heap before GC invocations=4 (full 0):
 garbage-first heap   total 131072K, used 45104K [0x0000000080000000, 0x0000000100000000)
  region size 1024K, 35 young (35840K), 6 survivors (6144K)
 Metaspace       used 20659K, capacity 21151K, committed 21248K, reserved 1067008K
  class space    used 2538K, capacity 2728K, committed 2816K, reserved 1048576K
}
Event: 3.834 GC heap after
{Heap after GC invocations=5 (full 0):
 garbage-first heap   total 161792K, used 17515K [0x0000000080000000, 0x0000000100000000)
  region size 1024K, 5 young (5120K), 5 survivors (5120K)
 Metaspace       used 20659K, capacity 21151K, committed 21248K, reserved 1067008K
  class space    used 2538K, capacity 2728K, committed 2816K, reserved 1048576K
}
Event: 4.976 GC heap before
{Heap before GC invocations=6 (full 0):
 garbage-first heap   total 161792K, used 68715K [0x0000000080000000, 0x0000000100000000)
  region size 1024K, 55 young (56320K), 5 survivors (5120K)
 Metaspace       used 26023K, capacity 26662K, committed 26880K, reserved 1073152K
  class space    used 3363K, capacity 3570K, committed 3584K, reserved 1048576K
}
Event: 4.985 GC heap after
{Heap after GC invocations=7 (full 0):
 garbage-first heap   total 161792K, used 19350K [0x0000000080000000, 0x0000000100000000)
  region size 1024K, 3 young (3072K), 3 survivors (3072K)
 Metaspace       used 26023K, capacity 26662K, committed 26880K, reserved 1073152K
  class space    used 3363K, capacity 3570K, committed 3584K, reserved 1048576K
}
Event: 6.042 GC heap before
{Heap before GC invocations=7 (full 0):
 garbage-first heap   total 161792K, used 95126K [0x0000000080000000, 0x0000000100000000)
  region size 1024K, 67 young (68608K), 3 survivors (3072K)
 Metaspace       used 31883K, capacity 32767K, committed 33024K, reserved 1077248K
  class space    used 4301K, capacity 4604K, committed 4608K, reserved 1048576K
}
Event: 6.049 GC heap after
{Heap after GC invocations=8 (full 0):
 garbage-first heap   total 161792K, used 34914K [0x0000000080000000, 0x0000000100000000)
  region size 1024K, 9 young (9216K), 9 survivors (9216K)
 Metaspace       used 31883K, capacity 32767K, committed 33024K, reserved 1077248K
  class space    used 4301K, capacity 4604K, committed 4608K, reserved 1048576K
}
Event: 6.408 GC heap before
{Heap before GC invocations=8 (full 0):
 garbage-first heap   total 161792K, used 51298K [0x0000000080000000, 0x0000000100000000)
  region size 1024K, 26 young (26624K), 9 survivors (9216K)
 Metaspace       used 34890K, capacity 35833K, committed 35840K, reserved 1081344K
  class space    used 4657K, capacity 4987K, committed 4992K, reserved 1048576K
}
Event: 6.419 GC heap after
{Heap after GC invocations=9 (full 0):
 garbage-first heap   total 161792K, used 36034K [0x0000000080000000, 0x0000000100000000)
  region size 1024K, 7 young (7168K), 7 survivors (7168K)
 Metaspace       used 34890K, capacity 35833K, committed 35840K, reserved 1081344K
  class space    used 4657K, capacity 4987K, committed 4992K, reserved 1048576K
}
Event: 7.849 GC heap before
{Heap before GC invocations=10 (full 0):
 garbage-first heap   total 161792K, used 109762K [0x0000000080000000, 0x0000000100000000)
  region size 1024K, 77 young (78848K), 7 survivors (7168K)
 Metaspace       used 42975K, capacity 44069K, committed 44236K, reserved 1087488K
  class space    used 5540K, capacity 5982K, committed 6092K, reserved 1048576K
}
Event: 7.885 GC heap after
{Heap after GC invocations=11 (full 0):
 garbage-first heap   total 161792K, used 42049K [0x0000000080000000, 0x0000000100000000)
  region size 1024K, 7 young (7168K), 7 survivors (7168K)
 Metaspace       used 42975K, capacity 44069K, committed 44236K, reserved 1087488K
  class space    used 5540K, capacity 5982K, committed 6092K, reserved 1048576K
}
Event: 9.296 GC heap before
{Heap before GC invocations=12 (full 0):
 garbage-first heap   total 161792K, used 115777K [0x0000000080000000, 0x0000000100000000)
  region size 1024K, 79 young (80896K), 7 survivors (7168K)
 Metaspace       used 46687K, capacity 47839K, committed 48076K, reserved 1091584K
  class space    used 6125K, capacity 6556K, committed 6604K, reserved 1048576K
}
Event: 9.312 GC heap after
{Heap after GC invocations=13 (full 0):
 garbage-first heap   total 194560K, used 45269K [0x0000000080000000, 0x0000000100000000)
  region size 1024K, 4 young (4096K), 4 survivors (4096K)
 Metaspace       used 46687K, capacity 47839K, committed 48076K, reserved 1091584K
  class space    used 6125K, capacity 6556K, committed 6604K, reserved 1048576K
}
Event: 11.061 GC heap before
{Heap before GC invocations=13 (full 0):
 garbage-first heap   total 194560K, used 151765K [0x0000000080000000, 0x0000000100000000)
  region size 1024K, 104 young (106496K), 4 survivors (4096K)
 Metaspace       used 49906K, capacity 51242K, committed 51532K, reserved 1093632K
  class space    used 6440K, capacity 6936K, committed 6988K, reserved 1048576K
}
Event: 11.071 GC heap after
{Heap after GC invocations=14 (full 0):
 garbage-first heap   total 194560K, used 51780K [0x0000000080000000, 0x0000000100000000)
  region size 1024K, 7 young (7168K), 7 survivors (7168K)
 Metaspace       used 49906K, capacity 51242K, committed 51532K, reserved 1093632K
  class space    used 6440K, capacity 6936K, committed 6988K, reserved 1048576K
}
Event: 12.376 GC heap before
{Heap before GC invocations=14 (full 0):
 garbage-first heap   total 194560K, used 152132K [0x0000000080000000, 0x0000000100000000)
  region size 1024K, 105 young (107520K), 7 survivors (7168K)
 Metaspace       used 53402K, capacity 54977K, committed 55244K, reserved 1097728K
  class space    used 6805K, capacity 7343K, committed 7372K, reserved 1048576K
}
Event: 12.390 GC heap after
{Heap after GC invocations=15 (full 0):
 garbage-first heap   total 194560K, used 55679K [0x0000000080000000, 0x0000000100000000)
  region size 1024K, 10 young (10240K), 10 survivors (10240K)
 Metaspace       used 53402K, capacity 54977K, committed 55244K, reserved 1097728K
  class space    used 6805K, capacity 7343K, committed 7372K, reserved 1048576K
}
Event: 14.264 GC heap before
{Heap before GC invocations=15 (full 0):
 garbage-first heap   total 194560K, used 167295K [0x0000000080000000, 0x0000000100000000)
  region size 1024K, 108 young (110592K), 10 survivors (10240K)
 Metaspace       used 57968K, capacity 59750K, committed 59852K, reserved 1101824K
  class space    used 7459K, capacity 8109K, committed 8140K, reserved 1048576K
}
Event: 14.285 GC heap after
{Heap after GC invocations=16 (full 0):
 garbage-first heap   total 194560K, used 78609K [0x0000000080000000, 0x0000000100000000)
  region size 1024K, 14 young (14336K), 14 survivors (14336K)
 Metaspace       used 57968K, capacity 59750K, committed 59852K, reserved 1101824K
  class space    used 7459K, capacity 8109K, committed 8140K, reserved 1048576K
}
Event: 15.761 GC heap before
{Heap before GC invocations=16 (full 0):
 garbage-first heap   total 194560K, used 154385K [0x0000000080000000, 0x0000000100000000)
  region size 1024K, 88 young (90112K), 14 survivors (14336K)
 Metaspace       used 68701K, capacity 70650K, committed 70732K, reserved 1110016K
  class space    used 8798K, capacity 9481K, committed 9548K, reserved 1048576K
}
Event: 15.786 GC heap after
{Heap after GC invocations=17 (full 0):
 garbage-first heap   total 194560K, used 83664K [0x0000000080000000, 0x0000000100000000)
  region size 1024K, 5 young (5120K), 5 survivors (5120K)
 Metaspace       used 68701K, capacity 70650K, committed 70732K, reserved 1110016K
  class space    used 8798K, capacity 9481K, committed 9548K, reserved 1048576K
}

Deoptimization events (20 events):
Event: 15.888 Thread 0x000001afadaf9800 Uncommon trap: trap_request=0xffffff4d fr.pc=0x000001af9e93f104 relative=0x00000000000004a4
Event: 15.888 Thread 0x000001afadaf9800 Uncommon trap: reason=unstable_if action=reinterpret pc=0x000001af9e93f104 method=java.util.jar.JarFile.maybeInstantiateVerifier()V @ 4 c2
Event: 15.888 Thread 0x000001afadaf9800 DEOPT PACKING pc=0x000001af9e93f104 sp=0x000000a37edf15f0
Event: 15.888 Thread 0x000001afadaf9800 DEOPT UNPACKING pc=0x000001af96cea1af sp=0x000000a37edf1550 mode 2
Event: 15.888 Thread 0x000001afadaf9800 Uncommon trap: trap_request=0xffffff4d fr.pc=0x000001af9e960290 relative=0x00000000000002b0
Event: 15.888 Thread 0x000001afadaf9800 Uncommon trap: reason=unstable_if action=reinterpret pc=0x000001af9e960290 method=java.util.jar.JarFile.maybeInstantiateVerifier()V @ 4 c2
Event: 15.888 Thread 0x000001afadaf9800 DEOPT PACKING pc=0x000001af9e960290 sp=0x000000a37edf1630
Event: 15.888 Thread 0x000001afadaf9800 DEOPT UNPACKING pc=0x000001af96cea1af sp=0x000000a37edf1568 mode 2
Event: 15.888 Thread 0x000001afadaf9800 Uncommon trap: trap_request=0xffffff4d fr.pc=0x000001af9e96d700 relative=0x0000000000000060
Event: 15.888 Thread 0x000001afadaf9800 Uncommon trap: reason=unstable_if action=reinterpret pc=0x000001af9e96d700 method=java.lang.ClassLoader.compareCerts([Ljava/security/cert/Certificate;[Ljava/security/cert/Certificate;)Z @ 1 c2
Event: 15.888 Thread 0x000001afadaf9800 DEOPT PACKING pc=0x000001af9e96d700 sp=0x000000a37edf13e0
Event: 15.888 Thread 0x000001afadaf9800 DEOPT UNPACKING pc=0x000001af96cea1af sp=0x000000a37edf1320 mode 2
Event: 15.888 Thread 0x000001afadaf9800 Uncommon trap: trap_request=0xffffff4d fr.pc=0x000001af9eb9e74c relative=0x000000000000116c
Event: 15.888 Thread 0x000001afadaf9800 Uncommon trap: reason=unstable_if action=reinterpret pc=0x000001af9eb9e74c method=java.security.CodeSource.getCertificates()[Ljava/security/cert/Certificate; @ 4 c2
Event: 15.888 Thread 0x000001afadaf9800 DEOPT PACKING pc=0x000001af9eb9e74c sp=0x000000a37edf15a0
Event: 15.888 Thread 0x000001afadaf9800 DEOPT UNPACKING pc=0x000001af96cea1af sp=0x000000a37edf1520 mode 2
Event: 15.917 Thread 0x000001afadaf9800 Uncommon trap: trap_request=0xffffff4d fr.pc=0x000001af9ebb069c relative=0x00000000000002bc
Event: 15.917 Thread 0x000001afadaf9800 Uncommon trap: reason=unstable_if action=reinterpret pc=0x000001af9ebb069c method=java.util.LinkedHashMap.get(Ljava/lang/Object;)Ljava/lang/Object; @ 20 c2
Event: 15.917 Thread 0x000001afadaf9800 DEOPT PACKING pc=0x000001af9ebb069c sp=0x000000a37edf3980
Event: 15.917 Thread 0x000001afadaf9800 DEOPT UNPACKING pc=0x000001af96cea1af sp=0x000000a37edf3938 mode 2

Classes redefined (0 events):
No events

Internal exceptions (20 events):
Event: 14.181 Thread 0x000001afadaf9800 Exception <a 'java/lang/ClassNotFoundException'{0x0000000085f904d0}: org/gradle/api/internal/ConventionTaskCustomizer> (0x0000000085f904d0) thrown at [./src/hotspot/share/classfile/systemDictionary.cpp, line 231]
Event: 14.184 Thread 0x000001afadaf9800 Exception <a 'java/lang/ClassNotFoundException'{0x0000000085fcb968}: org/gradle/api/tasks/DeleteCustomizer> (0x0000000085fcb968) thrown at [./src/hotspot/share/classfile/systemDictionary.cpp, line 231]
Event: 14.186 Thread 0x000001afadaf9800 Exception <a 'java/lang/ClassNotFoundException'{0x0000000085e0e6d0}: org/gradle/api/tasks/Delete_DecoratedCustomizer> (0x0000000085e0e6d0) thrown at [./src/hotspot/share/classfile/systemDictionary.cpp, line 231]
Event: 14.207 Thread 0x000001afb1600000 Exception <a 'sun/nio/fs/WindowsException'{0x0000000085d065e8}> (0x0000000085d065e8) thrown at [./src/hotspot/share/prims/jni.cpp, line 615]
Event: 14.211 Thread 0x000001afb1600000 Exception <a 'sun/nio/fs/WindowsException'{0x0000000085d5b830}> (0x0000000085d5b830) thrown at [./src/hotspot/share/prims/jni.cpp, line 615]
Event: 14.212 Thread 0x000001afb1600000 Exception <a 'sun/nio/fs/WindowsException'{0x0000000085d5b9a8}> (0x0000000085d5b9a8) thrown at [./src/hotspot/share/prims/jni.cpp, line 615]
Event: 14.218 Thread 0x000001afadaf9800 Exception <a 'java/lang/ClassNotFoundException'{0x0000000085dab450}: build_d47eu0gccvf0zwh4i5lqmvzykBeanInfo> (0x0000000085dab450) thrown at [./src/hotspot/share/classfile/systemDictionary.cpp, line 231]
Event: 14.218 Thread 0x000001afadaf9800 Exception <a 'java/lang/ClassNotFoundException'{0x0000000085db7150}: build_d47eu0gccvf0zwh4i5lqmvzykCustomizer> (0x0000000085db7150) thrown at [./src/hotspot/share/classfile/systemDictionary.cpp, line 231]
Event: 14.441 Thread 0x000001afadaf9800 Exception <a 'java/lang/NoSuchMethodError'{0x000000008b388760}: 'java.lang.Object java.lang.invoke.DirectMethodHandle$Holder.invokeStatic(java.lang.Object, java.lang.Object, java.lang.Object, java.lang.Object, int)'> (0x000000008b388760) thrown at [./src/hotspot/share/interpreter/linkResolver.cpp, line 773]
Event: 14.441 Thread 0x000001afadaf9800 Exception <a 'java/lang/NoSuchMethodError'{0x000000008b38d158}: 'java.lang.Object java.lang.invoke.DirectMethodHandle$Holder.invokeSpecial(java.lang.Object, java.lang.Object, java.lang.Object, java.lang.Object, java.lang.Object, int)'> (0x000000008b38d158) thrown at [./src/hotspot/share/interpreter/linkResolver.cpp, line 773]
Event: 14.441 Thread 0x000001afadaf9800 Exception <a 'java/lang/NoSuchMethodError'{0x000000008b391798}: 'java.lang.Object java.lang.invoke.Invokers$Holder.linkToTargetMethod(java.lang.Object, java.lang.Object, java.lang.Object, int, java.lang.Object)'> (0x000000008b391798) thrown at [./src/hotspot/share/interpreter/linkResolver.cpp, line 773]
Event: 14.796 Thread 0x000001afadaf9800 Exception <a 'java/lang/NoSuchMethodError'{0x000000008a28cd60}: 'java.lang.Object java.lang.invoke.DirectMethodHandle$Holder.invokeSpecial(java.lang.Object, java.lang.Object, int, int, java.lang.Object, java.lang.Object, java.lang.Object)'> (0x000000008a28cd60) thrown at [./src/hotspot/share/interpreter/linkResolver.cpp, line 773]
Event: 14.796 Thread 0x000001afadaf9800 Exception <a 'java/lang/NoSuchMethodError'{0x000000008a291588}: 'java.lang.Object java.lang.invoke.DelegatingMethodHandle$Holder.reinvoke_L(java.lang.Object, int, int, java.lang.Object, java.lang.Object, java.lang.Object)'> (0x000000008a291588) thrown at [./src/hotspot/share/interpreter/linkResolver.cpp, line 773]
Event: 15.059 Thread 0x000001afadaf9800 Exception <a 'java/lang/NoSuchMethodError'{0x00000000895e3b50}: 'int java.lang.invoke.DirectMethodHandle$Holder.invokeInterface(java.lang.Object, java.lang.Object, java.lang.Object, java.lang.Object)'> (0x00000000895e3b50) thrown at [./src/hotspot/share/interpreter/linkResolver.cpp, line 773]
Event: 15.398 Thread 0x000001afadaf9800 Exception <a 'java/lang/NoSuchMethodError'{0x00000000885f20c8}: 'void java.lang.invoke.DirectMethodHandle$Holder.invokeInterface(java.lang.Object, java.lang.Object, java.lang.Object, java.lang.Object)'> (0x00000000885f20c8) thrown at [./src/hotspot/share/interpreter/linkResolver.cpp, line 773]
Event: 15.549 Thread 0x000001afadaf9800 Exception <a 'java/lang/IncompatibleClassChangeError'{0x0000000087c21ab0}: Found class java.lang.Object, but interface was expected> (0x0000000087c21ab0) thrown at [./src/hotspot/share/interpreter/linkResolver.cpp, line 839]
Event: 15.638 Thread 0x000001afadaf9800 Implicit null exception at 0x000001af9eb9f874 to 0x000001af9eb9fa48
Event: 15.727 Thread 0x000001afadaf9800 Implicit null exception at 0x000001af9e89f90b to 0x000001af9e89f9e4
Event: 15.803 Thread 0x000001afadaf9800 Implicit null exception at 0x000001af9e907b2c to 0x000001af9e907cda
Event: 15.994 Thread 0x000001afadaf9800 Exception <a 'sun/nio/fs/WindowsException'{0x000000008b018ea8}> (0x000000008b018ea8) thrown at [./src/hotspot/share/prims/jni.cpp, line 615]

Events (20 events):
Event: 15.989 loading class com/android/prefs/QueryResult
Event: 15.989 loading class com/android/prefs/QueryResult done
Event: 15.991 loading class com/android/io/CancellableFileIo
Event: 15.991 loading class com/android/io/CancellableFileIo done
Event: 15.993 loading class com/android/ProgressManagerAdapter
Event: 15.993 loading class com/android/ProgressManagerAdapter done
Event: 15.994 loading class com/android/build/gradle/internal/dsl/decorator/AndroidPluginDslDecoratorKt
Event: 15.994 loading class com/android/build/gradle/internal/dsl/decorator/AndroidPluginDslDecoratorKt done
Event: 15.998 loading class com/android/build/gradle/internal/dsl/decorator/SupportedPropertyType
Event: 15.998 loading class com/android/build/gradle/internal/dsl/decorator/SupportedPropertyType done
Event: 15.998 loading class com/android/build/gradle/internal/dsl/decorator/SupportedPropertyType$Var$String
Event: 15.998 loading class com/android/build/gradle/internal/dsl/decorator/SupportedPropertyType$Var$String done
Event: 15.999 loading class com/android/build/gradle/internal/dsl/decorator/SupportedPropertyType$Var
Event: 15.999 loading class com/android/build/gradle/internal/dsl/decorator/SupportedPropertyType$Var done
Event: 15.999 loading class org/objectweb/asm/Type
Event: 15.999 loading class org/objectweb/asm/Type done
Event: 16.001 loading class com/android/build/gradle/internal/dsl/decorator/SupportedPropertyType$Var$Boolean
Event: 16.001 loading class com/android/build/gradle/internal/dsl/decorator/SupportedPropertyType$Var$Boolean done
Event: 16.002 loading class com/android/build/gradle/internal/dsl/decorator/SupportedPropertyType$Var$NullableBoolean
Event: 16.002 loading class com/android/build/gradle/internal/dsl/decorator/SupportedPropertyType$Var$NullableBoolean done


Dynamic libraries:
0x00007ff683da0000 - 0x00007ff683daa000 	C:\Program Files\Android\Android Studio\jre\bin\java.exe
0x00007ffb2ff40000 - 0x00007ffb30149000 	C:\windows\SYSTEM32\ntdll.dll
0x00007ffb2eb50000 - 0x00007ffb2ec0d000 	C:\windows\System32\KERNEL32.DLL
0x00007ffb2d6e0000 - 0x00007ffb2da5d000 	C:\windows\System32\KERNELBASE.dll
0x00007ffb2d540000 - 0x00007ffb2d651000 	C:\windows\System32\ucrtbase.dll
0x00007ffb27370000 - 0x00007ffb27387000 	C:\Program Files\Android\Android Studio\jre\bin\VCRUNTIME140.dll
0x00007ffb19030000 - 0x00007ffb19049000 	C:\Program Files\Android\Android Studio\jre\bin\jli.dll
0x00007ffb2fc30000 - 0x00007ffb2fddd000 	C:\windows\System32\USER32.dll
0x00007ffb2db70000 - 0x00007ffb2db96000 	C:\windows\System32\win32u.dll
0x00007ffb2c630000 - 0x00007ffb2c8d5000 	C:\windows\WinSxS\amd64_microsoft.windows.common-controls_6595b64144ccf1df_6.0.22000.120_none_9d947278b86cc467\COMCTL32.dll
0x00007ffb2ea20000 - 0x00007ffb2eac3000 	C:\windows\System32\msvcrt.dll
0x00007ffb2fde0000 - 0x00007ffb2fe09000 	C:\windows\System32\GDI32.dll
0x00007ffb2d420000 - 0x00007ffb2d538000 	C:\windows\System32\gdi32full.dll
0x00007ffb2dad0000 - 0x00007ffb2db6d000 	C:\windows\System32\msvcp_win.dll
0x00007ffb2df70000 - 0x00007ffb2dfa1000 	C:\windows\System32\IMM32.DLL
0x00007ffb0a350000 - 0x00007ffb0a3ed000 	C:\Program Files\Android\Android Studio\jre\bin\msvcp140.dll
0x00007ffaf3300000 - 0x00007ffaf3de5000 	C:\Program Files\Android\Android Studio\jre\bin\server\jvm.dll
0x00007ffb2f0f0000 - 0x00007ffb2f19e000 	C:\windows\System32\ADVAPI32.dll
0x00007ffb2ddd0000 - 0x00007ffb2de6e000 	C:\windows\System32\sechost.dll
0x00007ffb2e6e0000 - 0x00007ffb2e800000 	C:\windows\System32\RPCRT4.dll
0x00007ffb2f0e0000 - 0x00007ffb2f0e8000 	C:\windows\System32\PSAPI.DLL
0x00007ffb2bd00000 - 0x00007ffb2bd09000 	C:\windows\SYSTEM32\WSOCK32.dll
0x00007ffb26ff0000 - 0x00007ffb27023000 	C:\windows\SYSTEM32\WINMM.dll
0x00007ffb2eae0000 - 0x00007ffb2eb4f000 	C:\windows\System32\WS2_32.dll
0x00007ffb26d80000 - 0x00007ffb26d8a000 	C:\windows\SYSTEM32\VERSION.dll
0x00007ffb2b610000 - 0x00007ffb2b628000 	C:\windows\SYSTEM32\kernel.appcore.dll
0x00007ffb29880000 - 0x00007ffb29891000 	C:\Program Files\Android\Android Studio\jre\bin\verify.dll
0x00007ffb2ccd0000 - 0x00007ffb2cef1000 	C:\windows\SYSTEM32\DBGHELP.DLL
0x00007ffb2ca10000 - 0x00007ffb2ca41000 	C:\windows\SYSTEM32\dbgcore.DLL
0x00007ffb2d660000 - 0x00007ffb2d6df000 	C:\windows\System32\bcryptPrimitives.dll
0x00007ffb27340000 - 0x00007ffb27369000 	C:\Program Files\Android\Android Studio\jre\bin\java.dll
0x00007ffb2bcf0000 - 0x00007ffb2bcfb000 	C:\Program Files\Android\Android Studio\jre\bin\jimage.dll
0x00007ffb29610000 - 0x00007ffb29628000 	C:\Program Files\Android\Android Studio\jre\bin\zip.dll
0x00007ffb2f1a0000 - 0x00007ffb2f958000 	C:\windows\System32\SHELL32.dll
0x00007ffb2a690000 - 0x00007ffb2aef8000 	C:\windows\SYSTEM32\windows.storage.dll
0x00007ffb2ec10000 - 0x00007ffb2ef89000 	C:\windows\System32\combase.dll
0x00007ffb2a520000 - 0x00007ffb2a686000 	C:\windows\SYSTEM32\wintypes.dll
0x00007ffb2fe10000 - 0x00007ffb2fefa000 	C:\windows\System32\SHCORE.dll
0x00007ffb2e9c0000 - 0x00007ffb2ea1d000 	C:\windows\System32\shlwapi.dll
0x00007ffb2d350000 - 0x00007ffb2d371000 	C:\windows\SYSTEM32\profapi.dll
0x00007ffb21580000 - 0x00007ffb2159a000 	C:\Program Files\Android\Android Studio\jre\bin\net.dll
0x00007ffb26c70000 - 0x00007ffb26d7c000 	C:\windows\SYSTEM32\WINHTTP.dll
0x00007ffb2c230000 - 0x00007ffb2c297000 	C:\windows\system32\mswsock.dll
0x00007ffb20dd0000 - 0x00007ffb20de4000 	C:\Program Files\Android\Android Studio\jre\bin\nio.dll
0x00007ffb0d060000 - 0x00007ffb0d087000 	C:\Users\Plays\.gradle\native\e1d6ef7f7dcc3fd88c89a11ec53ec762bb8ba0a96d01ffa2cd45eb1d1d8dd5c5\windows-amd64\native-platform.dll
0x00007ffaf6500000 - 0x00007ffaf6644000 	C:\Users\Plays\.gradle\native\5664cfc778a61ccfe75a443a1ab52a65af34e5dc3c78e0209fed803814484fcb\windows-amd64\native-platform-file-events.dll
0x00007ffb2bb60000 - 0x00007ffb2bb6a000 	C:\Program Files\Android\Android Studio\jre\bin\management.dll
0x00007ffb28ed0000 - 0x00007ffb28edd000 	C:\Program Files\Android\Android Studio\jre\bin\management_ext.dll
0x00007ffb2cfe0000 - 0x00007ffb2cff8000 	C:\windows\SYSTEM32\CRYPTSP.dll
0x00007ffb2b570000 - 0x00007ffb2b5a5000 	C:\windows\system32\rsaenh.dll
0x00007ffb2c510000 - 0x00007ffb2c539000 	C:\windows\SYSTEM32\USERENV.dll
0x00007ffb2cca0000 - 0x00007ffb2ccc7000 	C:\windows\SYSTEM32\bcrypt.dll
0x00007ffb2c540000 - 0x00007ffb2c54c000 	C:\windows\SYSTEM32\CRYPTBASE.dll
0x00007ffb2b150000 - 0x00007ffb2b17d000 	C:\windows\SYSTEM32\IPHLPAPI.DLL
0x00007ffb2df60000 - 0x00007ffb2df69000 	C:\windows\System32\NSI.dll
0x00007ffb26da0000 - 0x00007ffb26db9000 	C:\windows\SYSTEM32\dhcpcsvc6.DLL
0x00007ffb27030000 - 0x00007ffb2704e000 	C:\windows\SYSTEM32\dhcpcsvc.DLL
0x00007ffb2b180000 - 0x00007ffb2b268000 	C:\windows\SYSTEM32\DNSAPI.dll

dbghelp: loaded successfully - version: 4.0.5 - missing functions: none
symbol engine: initialized successfully - sym options: 0x614 - pdb path: .;C:\Program Files\Android\Android Studio\jre\bin;C:\windows\SYSTEM32;C:\windows\WinSxS\amd64_microsoft.windows.common-controls_6595b64144ccf1df_6.0.22000.120_none_9d947278b86cc467;C:\Program Files\Android\Android Studio\jre\bin\server;C:\Users\Plays\.gradle\native\e1d6ef7f7dcc3fd88c89a11ec53ec762bb8ba0a96d01ffa2cd45eb1d1d8dd5c5\windows-amd64;C:\Users\Plays\.gradle\native\5664cfc778a61ccfe75a443a1ab52a65af34e5dc3c78e0209fed803814484fcb\windows-amd64

VM Arguments:
jvm_args: --add-opens=java.base/java.util=ALL-UNNAMED --add-opens=java.base/java.lang=ALL-UNNAMED --add-opens=java.base/java.lang.invoke=ALL-UNNAMED --add-opens=java.base/java.util=ALL-UNNAMED --add-opens=java.prefs/java.util.prefs=ALL-UNNAMED --add-opens=java.prefs/java.util.prefs=ALL-UNNAMED --add-opens=java.base/java.nio.charset=ALL-UNNAMED --add-opens=java.base/java.net=ALL-UNNAMED --add-opens=java.base/java.util.concurrent.atomic=ALL-UNNAMED -Xmx2048m -Dfile.encoding=UTF-8 -Duser.country=MX -Duser.language=es -Duser.variant 
java_command: org.gradle.launcher.daemon.bootstrap.GradleDaemon 7.3.3
java_class_path (initial): C:\Users\Plays\.gradle\wrapper\dists\gradle-7.3.3-bin\6a41zxkdtcxs8rphpq6y0069z\gradle-7.3.3\lib\gradle-launcher-7.3.3.jar
Launcher Type: SUN_STANDARD

[Global flags]
     intx CICompilerCount                          = 3                                         {product} {ergonomic}
     uint ConcGCThreads                            = 1                                         {product} {ergonomic}
     uint G1ConcRefinementThreads                  = 4                                         {product} {ergonomic}
   size_t G1HeapRegionSize                         = 1048576                                   {product} {ergonomic}
    uintx GCDrainStackTargetSize                   = 64                                        {product} {ergonomic}
   size_t InitialHeapSize                          = 134217728                                 {product} {ergonomic}
   size_t MarkStackSize                            = 4194304                                   {product} {ergonomic}
   size_t MaxHeapSize                              = 2147483648                                {product} {command line}
   size_t MaxNewSize                               = 1287651328                                {product} {ergonomic}
   size_t MinHeapDeltaBytes                        = 1048576                                   {product} {ergonomic}
    uintx NonNMethodCodeHeapSize                   = 5830732                                {pd product} {ergonomic}
    uintx NonProfiledCodeHeapSize                  = 122913754                              {pd product} {ergonomic}
    uintx ProfiledCodeHeapSize                     = 122913754                              {pd product} {ergonomic}
    uintx ReservedCodeCacheSize                    = 251658240                              {pd product} {ergonomic}
     bool SegmentedCodeCache                       = true                                      {product} {ergonomic}
     bool UseCompressedClassPointers               = true                                 {lp64_product} {ergonomic}
     bool UseCompressedOops                        = true                                 {lp64_product} {ergonomic}
     bool UseG1GC                                  = true                                      {product} {ergonomic}
     bool UseLargePagesIndividualAllocation        = false                                  {pd product} {ergonomic}

Logging:
Log output configuration:
 #0: stdout all=warning uptime,level,tags
 #1: stderr all=off uptime,level,tags

Environment Variables:
PATH=C:\windows\system32;C:\windows;C:\windows\System32\Wbem;C:\windows\System32\WindowsPowerShell\v1.0\;C:\windows\System32\OpenSSH\;C:\Program Files\Git\cmd;C:\Users\Plays\AppData\Local\Microsoft\WindowsApps;C:\Users\Plays\AppData\Local\Programs\Microsoft VS Code\bin;C:\Program Files\JetBrains\IntelliJ IDEA Community Edition 2022.2.1\bin;;C:\MinGW\bin;
USERNAME=Plays
OS=Windows_NT
PROCESSOR_IDENTIFIER=Intel64 Family 6 Model 142 Stepping 12, GenuineIntel



---------------  S Y S T E M  ---------------

OS: Windows 10 , 64 bit Build 22000 (10.0.22000.708)
OS uptime: 0 days 22:52 hours

CPU:total 4 (initial active 4) (2 cores per cpu, 2 threads per core) family 6 model 142 stepping 12 microcode 0xde, cmov, cx8, fxsr, mmx, sse, sse2, sse3, ssse3, sse4.1, sse4.2, popcnt, avx, avx2, aes, clmul, erms, 3dnowpref, lzcnt, ht, tsc, tscinvbit, bmi1, bmi2, adx, fma

Memory: 4k page, system-wide physical 8083M (1435M free)
TotalPageFile size 9363M (AvailPageFile size 2527M)
current process WorkingSet (physical memory assigned to process): 414M, peak: 414M
current process commit charge ("private bytes"): 446M, peak: 449M

vm_info: OpenJDK 64-Bit Server VM (11.0.12+7-b1504.28-7817840) for windows-amd64 JRE (11.0.12+7-b1504.28-7817840), built on Oct 13 2021 22:12:33 by "builder" with MS VC++ 14.0 (VS2015)

END.
